Terminal log file
Date: 25-01-2024 - 14:23:48
-----------------------------------------------
Temp = 32.00°C | 89.60°F 
Humidity = 95.00% 

NH3: 295
CO2: 46
CO: 102
H2S: 368
Soil: 2%
Temp = 32.00°C | 89.60°F 
Humidity = 95.00% 

NH3: 292
CO2: 46
CO: 104
H2S: 367
Soil: 2%
Temp = 32.00°C | 89.60°F 
Humidity = 95.00% 

NH3: 291
CO2: 46
CO: 103
H2S: 365
Soil: 2%
Temp = 32.00°C | 89.60°F 
Humidity = 95.00% 

NH3: 290
CO2: 46
CO: 104
H2S: 363
Soil: 2%
Temp = 32.00°C | 89.60°F 
Humidity = 95.00% 

NH3: 290
CO2: 45
CO: 103
H2S: 359
Soil: 2%
Temp = 32.00°C | 89.60°F 
Humidity = 95.00% 

NH3: 286
CO2: 46
CO: 101
H2S: 353
Soil: 2%
Temp = 32.00°C | 89.60°F 
Humidity = 95.00% 

NH3: 280
CO2: 46
CO: 100
H2S: 349
Soil: 2%
Temp = 32.00°C | 89.60°F 
Humidity = 95.00% 

NH3: 277
CO2: 46
CO: 99
H2S: 349
Soil: 2%
Temp = 32.00°C | 89.60°F 
Humidity = 95.00% 

NH3: 277
CO2: 46
CO: 99
H2S: 353
Soil: 2%
Temp = 32.00°C | 89.60°F 
Humidity = 95.00% 

NH3: 277
CO2: 46
CO: 101
H2S: 352
Soil: 2%
Temp = 32.00°C | 89.60°F 
Humidity = 95.00% 

NH3: 277
CO2: 46
CO: 103
H2S: 353
Soil: 2%
Temp = 32.00°C | 89.60°F 
Humidity = 95.00% 

NH3: 280
CO2: 46
CO: 105
H2S: 353
Soil: 2%
Temp = 32.00°C | 89.60°F 
Humidity = 95.00% 

NH3: 281
CO2: 45
CO: 103
H2S: 349
Soil: 2%
Temp = 32.00°C | 89.60°F 
Humidity = 95.00% 

NH3: 278
CO2: 46
CO: 100
H2S: 344
Soil: 2%
Temp = 32.00°C | 89.60°F 
Humidity = 95.00% 

NH3: 274
CO2: 45
CO: 100
H2S: 342
Soil: 2%
Temp = 32.00°C | 89.60°F 
Humidity = 95.00% 

NH3: 272
CO2: 45
CO: 100
H2S: 339
Soil: 2%
Temp = 32.00°C | 89.60°F 
Humidity = 95.00% 

NH3: 268
CO2: 46
CO: 98
H2S: 334
Soil: 2%
Temp = 32.00°C | 89.60°F 
Humidity = 95.00% 

NH3: 265
CO2: 46
CO: 97
H2S: 331
Soil: 2%
Temp = 32.00°C | 89.60°F 
Humidity = 95.00% 

NH3: 262
CO2: 45
CO: 97
H2S: 329
Soil: 2%
Temp = 32.00°C | 89.60°F 
Humidity = 95.00% 

NH3: 261
CO2: 45
CO: 101
H2S: 331
Soil: 2%
Temp = 32.00°C | 89.60°F 
Humidity = 95.00% 

NH3: 262
CO2: 45
CO: 99
H2S: 336
Soil: 2%
Temp = 32.00°C | 89.60°F 
Humidity = 95.00% 

NH3: 264
CO2: 44
CO: 102
H2S: 335
Soil: 2%
Temp = 32.00°C | 89.60°F 
Humidity = 95.00% 

NH3: 263
CO2: 44
CO: 96
H2S: 331
Soil: 2%
Temp = 32.00°C | 89.60°F 
Humidity = 95.00% 

NH3: 261
CO2: 44
CO: 94
H2S: 326
Soil: 2%
Temp = 32.00°C | 89.60°F 
Humidity = 95.00% 

NH3: 258
CO2: 45
CO: 94
H2S: 324
Soil: 2%
Temp = 32.00°C | 89.60°F 
Humidity = 95.00% 

NH3: 255
CO2: 44
CO: 94
H2S: 322
Soil: 2%
Temp = 32.00°C | 89.60°F 
Humidity = 95.00% 

NH3: 254
CO2: 45
CO: 92
H2S: 320
Soil: 2%
Temp = 32.00°C | 89.60°F 
Humidity = 95.00% 

NH3: 253
CO2: 45
CO: 93
H2S: 318
Soil: 2%
Temp = 32.00°C | 89.60°F 
Humidity = 95.00% 

NH3: 252
CO2: 44
CO: 92
H2S: 315
Soil: 2%
Temp = 32.00°C | 89.60°F 
Humidity = 95.00% 

NH3: 252
CO2: 44
CO: 92
H2S: 314
Soil: 2%
Temp = 32.00°C | 89.60°F 
Humidity = 95.00% 

NH3: 251
CO2: 44
CO: 93
H2S: 314
Soil: 2%
Temp = 32.00°C | 89.60°F 
Humidity = 95.00% 

NH3: 255
CO2: 44
CO: 93
H2S: 316
Soil: 2%
Temp = 32.00°C | 89.60°F 
Humidity = 95.00% 

NH3: 257
CO2: 44
CO: 94
H2S: 316
Soil: 2%
Temp = 32.00°C | 89.60°F 
Humidity = 95.00% 

NH3: 256
CO2: 43
CO: 92
H2S: 315
Soil: 2%
Temp = 32.00°C | 89.60°F 
Humidity = 95.00% 

NH3: 256
CO2: 44
CO: 93
H2S: 318
Soil: 2%
Temp = 32.00°C | 89.60°F 
Humidity = 95.00% 

NH3: 256
CO2: 44
CO: 94
H2S: 318
Soil: 2%
Temp = 32.00°C | 89.60°F 
Humidity = 95.00% 

NH3: 255
CO2: 43
CO: 89
H2S: 311
Soil: 2%
Temp = 32.00°C | 89.60°F 
Humidity = 95.00% 

NH3: 251
CO2: 44
CO: 92
H2S: 307
Soil: 2%
Temp = 32.00°C | 89.60°F 
Humidity = 95.00% 

NH3: 249
CO2: 44
CO: 91
H2S: 304
Soil: 2%
Temp = 32.00°C | 89.60°F 
Humidity = 95.00% 

NH3: 246
CO2: 44
CO: 93
H2S: 303
Soil: 2%
Temp = 32.00°C | 89.60°F 
Humidity = 95.00% 

NH3: 245
CO2: 44
CO: 94
H2S: 302
Soil: 2%
Temp = 32.00°C | 89.60°F 
Humidity = 95.00% 

NH3: 245
CO2: 43
CO: 97
H2S: 301
Soil: 2%
Temp = 32.00°C | 89.60°F 
Humidity = 95.00% 

NH3: 247
CO2: 43
CO: 97
H2S: 302
Soil: 2%
Temp = 32.00°C | 89.60°F 
Humidity = 95.00% 

NH3: 248
CO2: 44
CO: 100
H2S: 308
Soil: 2%
Temp = 32.00°C | 89.60°F 
Humidity = 95.00% 

NH3: 250
CO2: 42
CO: 102
H2S: 308
Soil: 2%
Temp = 32.00°C | 89.60°F 
Humidity = 95.00% 

NH3: 249
CO2: 42
CO: 100
H2S: 305
Soil: 2%
Temp = 32.00°C | 89.60°F 
Humidity = 95.00% 

NH3: 249
CO2: 42
CO: 89
H2S: 303
Soil: 2%
Temp = 32.00°C | 89.60°F 
Humidity = 95.00% 

NH3: 246
CO2: 42
CO: 86
H2S: 299
Soil: 2%
Temp = 32.00°C | 89.60°F 
Humidity = 95.00% 

NH3: 242
CO2: 40
CO: 87
H2S: 293
Soil: 2%
Temp = 32.00°C | 89.60°F 
Humidity = 95.00% 

NH3: 238
CO2: 39
CO: 85
H2S: 289
Soil: 2%
Temp = 32.00°C | 89.60°F 
Humidity = 95.00% 

NH3: 236
CO2: 38
CO: 84
H2S: 286
Soil: 2%
Temp = 32.00°C | 89.60°F 
Humidity = 95.00% 

NH3: 235
CO2: 37
CO: 85
H2S: 286
Soil: 2%
Temp = 32.00°C | 89.60°F 
Humidity = 95.00% 

NH3: 234
CO2: 37
CO: 82
H2S: 284
Soil: 2%
Temp = 32.00°C | 89.60°F 
Humidity = 94.00% 

NH3: 234
CO2: 37
CO: 78
H2S: 283
Soil: 2%
Temp = 32.00°C | 89.60°F 
Humidity = 95.00% 

NH3: 234
CO2: 37
CO: 76
H2S: 283
Soil: 2%
Temp = 32.00°C | 89.60°F 
Humidity = 94.00% 

NH3: 233
CO2: 36
CO: 76
H2S: 279
Soil: 2%
Temp = 32.00°C | 89.60°F 
Humidity = 94.00% 

NH3: 231
CO2: 35
CO: 76
H2S: 278
Soil: 2%
Temp = 32.00°C | 89.60°F 
Humidity = 94.00% 

NH3: 231
CO2: 35
CO: 78
H2S: 279
Soil: 2%
Temp = 32.00°C | 89.60°F 
Humidity = 94.00% 

NH3: 233
CO2: 36
CO: 76
H2S: 279
Soil: 2%
Temp = 32.00°C | 89.60°F 
Humidity = 94.00% 

NH3: 235
CO2: 35
CO: 79
H2S: 284
Soil: 2%
Temp = 32.00°C | 89.60°F 
Humidity = 95.00% 

NH3: 236
CO2: 35
CO: 78
H2S: 284
Soil: 2%
Temp = 32.00°C | 89.60°F 
Humidity = 95.00% 

NH3: 235
CO2: 35
CO: 79
H2S: 284
Soil: 2%
Temp = 32.00°C | 89.60°F 
Humidity = 95.00% 

NH3: 235
CO2: 36
CO: 77
H2S: 282
Soil: 2%
Temp = 32.00°C | 89.60°F 
Humidity = 95.00% 

NH3: 236
CO2: 35
CO: 78
H2S: 279
Soil: 2%
Temp = 32.00°C | 89.60°F 
Humidity = 95.00% 

NH3: 233
CO2: 35
CO: 77
H2S: 277
Soil: 2%
Temp = 32.00°C | 89.60°F 
Humidity = 95.00% 

NH3: 231
CO2: 36
CO: 76
H2S: 274
Soil: 2%
Temp = 32.00°C | 89.60°F 
Humidity = 94.00% 

NH3: 228
CO2: 35
CO: 75
H2S: 272
Soil: 2%
Temp = 32.00°C | 89.60°F 
Humidity = 94.00% 

NH3: 226
CO2: 35
CO: 74
H2S: 270
Soil: 2%
Temp = 32.00°C | 89.60°F 
Humidity = 94.00% 

NH3: 226
CO2: 35
CO: 75
H2S: 269
Soil: 2%
Temp = 32.00°C | 89.60°F 
Humidity = 94.00% 

NH3: 226
CO2: 36
CO: 75
H2S: 270
Soil: 2%
Temp = 32.00°C | 89.60°F 
Humidity = 94.00% 

NH3: 227
CO2: 35
CO: 76
H2S: 272
Soil: 2%
Temp = 32.00°C | 89.60°F 
Humidity = 94.00% 

NH3: 227
CO2: 35
CO: 76
H2S: 273
Soil: 2%
Temp = 32.00°C | 89.60°F 
Humidity = 94.00% 

NH3: 229
CO2: 35
CO: 78
H2S: 272
Soil: 2%
Temp = 32.00°C | 89.60°F 
Humidity = 94.00% 

NH3: 231
CO2: 35
CO: 79
H2S: 273
Soil: 2%
Temp = 32.00°C | 89.60°F 
Humidity = 94.00% 

NH3: 233
CO2: 35
CO: 80
H2S: 273
Soil: 2%
Temp = 32.00°C | 89.60°F 
Humidity = 95.00% 

NH3: 234
CO2: 35
CO: 80
H2S: 279
Soil: 2%
Temp = 32.00°C | 89.60°F 
Humidity = 95.00% 

NH3: 238
CO2: 35
CO: 81
H2S: 280
Soil: 2%
Temp = 32.00°C | 89.60°F 
Humidity = 95.00% 

NH3: 239
CO2: 35
CO: 85
H2S: 293
Soil: 2%
Temp = 32.00°C | 89.60°F 
Humidity = 95.00% 

NH3: 250
CO2: 35
CO: 88
H2S: 302
Soil: 2%
Temp = 32.00°C | 89.60°F 
Humidity = 95.00% 

NH3: 255
CO2: 34
CO: 85
H2S: 299
Soil: 2%
Temp = 32.00°C | 89.60°F 
Humidity = 95.00% 

NH3: 253
CO2: 35
CO: 84
H2S: 299
Soil: 2%
Temp = 32.00°C | 89.60°F 
Humidity = 95.00% 

H3: 260
HCO2: 35
CO: 85
H2S: 302
Soil: 2%
Temp = 32.00°C | 89.60°F 
Humidity = 95.00% 

NH3: 263
CO2: 35
CO: 87
H2S: 307
Soil: 2%
Temp = 32.00°C | 89.60°F 
Humidity = 95.00% 

NH3: 262
CO2: 34
CO: 86
H2S: 309
Soil: 2%
Temp = 32.00°C | 89.60°F 
Humidity = 95.00% 

NH3: 258
CO2: 35
CO: 84
H2S: 305
Soil: 2%
Temp = 32.00°C | 89.60°F 
Humidity = 95.00% 

NH3: 255
CO2: 35
CO: 81
H2S: 300
Soil: 2%
Temp = 32.00°C | 89.60°F 
Humidity = 95.00% 

H3: 253
HCO2: 34
CO: 80
H2S: 297
Soil: 2%
Temp = 32.00°C | 89.60°F 
Humidity = 95.00% 

NH3: 249
CO2: 35
CO: 80
H2S: 292
Soil: 2%
Temp = 32.00°C | 89.60°F 
Humidity = 95.00% 

NH3: 246
CO2: 35
CO: 79
H2S: 286
Soil: 2%
Temp = 32.00°C | 89.60°F 
Humidity = 95.00% 

NH3: 242
CO2: 35
CO: 77
H2S: 283
Soil: 2%
Temp = 32.00°C | 89.60°F 
Humidity = 95.00% 

NH3: 240
CO2: 35
CO: 78
H2S: 282
Soil: 2%
Temp = 32.00°C | 89.60°F 
Humidity = 95.00% 

NH3: 240
CO2: 35
CO: 78
H2S: 284
Soil: 2%
Temp = 32.00°C | 89.60°F 
Humidity = 95.00% 

NH3: 240
CO2: 34
CO: 78
H2S: 282
Soil: 2%
Temp = 32.00°C | 89.60°F 
Humidity = 95.00% 

NH3: 239
CO2: 34
CO: 78
H2S: 280
Soil: 2%
Temp = 32.00°C | 89.60°F 
Humidity = 95.00% 

NH3: 239
CO2: 34
CO: 76
H2S: 277
Soil: 2%
Temp = 32.00°C | 89.60°F 
Humidity = 95.00% 

NH3: 236
CO2: 34
CO: 94
H2S: 274
Soil: 2%
Temp = 32.00°C | 89.60°F 
Humidity = 94.00% 

NH3: 234
CO2: 35
CO: 91
H2S: 270
Soil: 2%
Temp = 32.00°C | 89.60°F 
Humidity = 94.00% 

NH3: 232
CO2: 35
CO: 89
H2S: 267
Soil: 2%
Temp = 32.00°C | 89.60°F 
Humidity = 94.00% 

NH3: 230
CO2: 35
CO: 90
H2S: 267
Soil: 2%
Temp = 32.00°C | 89.60°F 
Humidity = 94.00% 

NH3: 228
CO2: 34
CO: 89
H2S: 264
Soil: 2%
Temp = 32.00°C | 89.60°F 
Humidity = 93.00% 

NH3: 226
CO2: 34
CO: 89
H2S: 262
Soil: 2%
Temp = 32.00°C | 89.60°F 
Humidity = 93.00% 

NH3: 223
CO2: 34
CO: 85
H2S: 259
Soil: 2%
Temp = 32.00°C | 89.60°F 
Humidity = 93.00% 

NH3: 221
CO2: 34
CO: 83
H2S: 257
Soil: 2%
Temp = 32.00°C | 89.60°F 
Humidity = 92.00% 

NH3: 219
CO2: 34
CO: 82
H2S: 255
Soil: 2%
Temp = 32.00°C | 89.60°F 
Humidity = 92.00% 

NH3: 218
CO2: 34
CO: 82
H2S: 255
Soil: 2%
Temp = 32.00°C | 89.60°F 
Humidity = 92.00% 

NH3: 219
CO2: 34
CO: 82
H2S: 255
Soil: 2%
Temp = 32.00°C | 89.60°F 
Humidity = 92.00% 

NH3: 219
CO2: 34
CO: 82
H2S: 255
Soil: 2%
Temp = 32.00°C | 89.60°F 
Humidity = 92.00% 

NH3: 219
CO2: 34
CO: 80
H2S: 254
Soil: 2%
Temp = 32.00°C | 89.60°F 
Humidity = 92.00% 

NH3: 218
CO2: 34
CO: 80
H2S: 252
Soil: 2%
Temp = 32.00°C | 89.60°F 
Humidity = 92.00% 

NH3: 218
CO2: 34
CO: 80
H2S: 252
Soil: 2%
Temp = 32.00°C | 89.60°F 
Humidity = 92.00% 

NH3: 217
CO2: 34
CO: 78
H2S: 251
Soil: 2%
Temp = 32.00°C | 89.60°F 
Humidity = 92.00% 

NH3: 218
CO2: 34
CO: 77
H2S: 250
Soil: 2%
Temp = 32.00°C | 89.60°F 
Humidity = 92.00% 

NH3: 216
CO2: 35
CO: 72
H2S: 249
Soil: 2%
Temp = 32.00°C | 89.60°F 
Humidity = 92.00% 

NH3: 215
CO2: 34
CO: 69
H2S: 248
Soil: 2%
Temp = 32.00°C | 89.60°F 
Humidity = 92.00% 

NH3: 215
CO2: 34
CO: 69
H2S: 247
Soil: 2%
Temp = 32.00°C | 89.60°F 
Humidity = 92.00% 

NH3: 213
CO2: 34
CO: 70
H2S: 246
Soil: 2%
Temp = 32.00°C | 89.60°F 
Humidity = 92.00% 

NH3: 213
CO2: 34
CO: 70
H2S: 245
Soil: 2%
Temp = 32.00°C | 89.60°F 
Humidity = 92.00% 

NH3: 213
CO2: 34
CO: 70
H2S: 244
Soil: 2%
Temp = 32.00°C | 89.60°F 
Humidity = 92.00% 

NH3: 212
CO2: 34
CO: 70
H2S: 244
Soil: 2%
Temp = 32.00°C | 89.60°F 
Humidity = 92.00% 

NH3: 212
CO2: 34
CO: 68
H2S: 244
Soil: 2%
Temp = 32.00°C | 89.60°F 
Humidity = 92.00% 

NH3: 212
CO2: 34
CO: 70
H2S: 243
Soil: 2%
Temp = 32.00°C | 89.60°F 
Humidity = 92.00% 

NH3: 210
CO2: 34
CO: 69
H2S: 242
Soil: 2%
Temp = 32.00°C | 89.60°F 
Humidity = 92.00% 

NH3: 208
CO2: 34
CO: 68
H2S: 241
Soil: 2%
Temp = 32.00°C | 89.60°F 
Humidity = 92.00% 

NH3: 208
CO2: 34
CO: 69
H2S: 239
Soil: 2%
Temp = 32.00°C | 89.60°F 
Humidity = 92.00% 

NH3: 208
CO2: 33
CO: 67
H2S: 239
Soil: 2%
Temp = 32.00°C | 89.60°F 
Humidity = 92.00% 

NH3: 208
CO2: 34
CO: 69
H2S: 239
Soil: 2%
Temp = 32.00°C | 89.60°F 
Humidity = 92.00% 

NH3: 209
CO2: 34
CO: 69
H2S: 239
Soil: 2%
Temp = 32.00°C | 89.60°F 
Humidity = 92.00% 

NH3: 210
CO2: 33
CO: 69
H2S: 241
Soil: 2%
Temp = 32.00°C | 89.60°F 
Humidity = 92.00% 

NH3: 210
CO2: 34
CO: 70
H2S: 240
Soil: 2%
Temp = 32.00°C | 89.60°F 
Humidity = 92.00% 

NH3: 208
CO2: 34
CO: 68
H2S: 239
Soil: 2%
Temp = 32.00°C | 89.60°F 
Humidity = 92.00% 

NH3: 208
CO2: 33
CO: 70
H2S: 240
Soil: 2%
Temp = 32.00°C | 89.60°F 
Humidity = 92.00% 

NH3: 210
CO2: 34
CO: 71
H2S: 243
Soil: 2%
Temp = 32.00°C | 89.60°F 
Humidity = 92.00% 

NH3: 214
CO2: 34
CO: 72
H2S: 247
Soil: 2%
Temp = 32.00°C | 89.60°F 
Humidity = 92.00% 

NH3: 219
CO2: 34
CO: 72
H2S: 257
Soil: 2%
Temp = 32.00°C | 89.60°F 
Humidity = 93.00% 

NH3: 223
CO2: 34
CO: 73
H2S: 258
Soil: 2%
Temp = 32.00°C | 89.60°F 
Humidity = 93.00% 

NH3: 223
CO2: 34
CO: 72
H2S: 257
Soil: 2%
Temp = 32.00°C | 89.60°F 
Humidity = 93.00% 

NH3: 222
CO2: 34
CO: 71
H2S: 254
Soil: 2%
Temp = 32.00°C | 89.60°F 
Humidity = 93.00% 

H3: 221
HCO2: 34
CO: 70
H2S: 253
Soil: 2%
Temp = 32.00°C | 89.60°F 
Humidity = 93.00% 

NH3: 220
CO2: 34
CO: 71
H2S: 252
Soil: 2%
Temp = 32.00°C | 89.60°F 
Humidity = 93.00% 

NH3: 226
CO2: 34
CO: 73
H2S: 260
Soil: 2%
Temp = 32.00°C | 89.60°F 
Humidity = 93.00% 

NH3: 234
CO2: 34
CO: 74
H2S: 266
Soil: 2%
Temp = 32.00°C | 89.60°F 
Humidity = 93.00% 

NH3: 235
CO2: 34
CO: 72
H2S: 266
Soil: 2%
Temp = 32.00°C | 89.60°F 
Humidity = 94.00% 

NH3: 236
CO2: 34
CO: 74
H2S: 265
Soil: 2%
Temp = 32.00°C | 89.60°F 
Humidity = 94.00% 

NH3: 237
CO2: 34
CO: 74
H2S: 264
Soil: 2%
Temp = 32.00°C | 89.60°F 
Humidity = 94.00% 

NH3: 235
CO2: 34
CO: 74
H2S: 265
Soil: 2%
Temp = 32.00°C | 89.60°F 
Humidity = 94.00% 

NH3: 234
CO2: 33
CO: 73
H2S: 266
Soil: 2%
Temp = 32.00°C | 89.60°F 
Humidity = 93.00% 

NH3: 233
CO2: 34
CO: 72
H2S: 265
Soil: 2%
Temp = 32.00°C | 89.60°F 
Humidity = 93.00% 

NH3: 233
CO2: 34
CO: 71
H2S: 261
Soil: 2%
Temp = 32.00°C | 89.60°F 
Humidity = 93.00% 



3: 230CO2: 33
CO: 71
H2S: 259
Soil: 2%
Temp = 32.00°C | 89.60°F 
Humidity = 93.00% 

NH3: 229
CO2: 34
CO: 71
H2S: 256
Soil: 2%
Temp = 32.00°C | 89.60°F 
Humidity = 93.00% 

6
6
: 22CO2: 33
CO: 70
H2S: 252
Soil: 2%
Temp = 32.00°C | 89.60°F 
Humidity = 92.00% 

NH3: 224
CO2: 33
CO: 70
H2S: 250
Soil: 2%
Temp = 32.00°C | 89.60°F 
Humidity = 92.00% 

NH3: 222
CO2: 33
CO: 69
H2S: 248
Soil: 2%
Temp = 32.00°C | 89.60°F 
Humidity = 92.00% 

NH3: 220
CO2: 34
CO: 69
H2S: 245
Soil: 2%
Temp = 32.00°C | 89.60°F 
Humidity = 92.00% 

NH3: 218
CO2: 33
CO: 67
H2S: 243
Soil: 2%
Temp = 32.00°C | 89.60°F 
Humidity = 92.00% 

NH3: 217
CO2: 34
CO: 68
H2S: 242
Soil: 2%
Temp = 32.00°C | 89.60°F 
Humidity = 91.00% 

NH3: 214
CO2: 33
CO: 68
H2S: 240
Soil: 2%
Temp = 32.00°C | 89.60°F 
Humidity = 91.00% 

: 213
: 2CO2: 33
CO: 68
H2S: 239
Soil: 2%
Temp = 32.00°C | 89.60°F 
Humidity = 91.00% 

NH3: 212
CO2: 34
CO: 68
H2S: 238
Soil: 2%
Temp = 32.00°C | 89.60°F 
Humidity = 91.00% 

NH3: 212
CO2: 34
CO: 68
H2S: 239
Soil: 2%
Temp = 32.00°C | 89.60°F 
Humidity = 91.00% 

NH3: 213
CO2: 34
CO: 67
H2S: 240
Soil: 2%
Temp = 32.00°C | 89.60°F 
Humidity = 91.00% 

NH3: 213
CO2: 34
CO: 68
H2S: 240
Soil: 2%
Temp = 32.00°C | 89.60°F 
Humidity = 91.00% 

NH3: 213
CO2: 34
CO: 67
H2S: 239
Soil: 2%
Temp = 32.00°C | 89.60°F 
Humidity = 91.00% 

NH3: 214
CO2: 34
CO: 67
H2S: 238
Soil: 2%
Temp = 32.00°C | 89.60°F 
Humidity = 91.00% 

NH3: 214
CO2: 34
CO: 68
H2S: 241
Soil: 2%
Temp = 32.00°C | 89.60°F 
Humidity = 91.00% 

215
215
CO2: 33
CO: 68
H2S: 242
Soil: 2%
Temp = 32.00°C | 89.60°F 
Humidity = 92.00% 

NH3: 215
CO2: 33
CO: 68
H2S: 242
Soil: 2%
Temp = 32.00°C | 89.60°F 
Humidity = 92.00% 

NH3: 215
CO2: 33
CO: 68
H2S: 240
Soil: 2%
Temp = 32.00°C | 89.60°F 
Humidity = 92.00% 

NH3: 214
CO2: 34
CO: 67
H2S: 239
Soil: 2%
Temp = 32.00°C | 89.60°F 
Humidity = 91.00% 

NH3: 214
CO2: 33
CO: 67
H2S: 238
Soil: 2%
Temp = 32.00°C | 89.60°F 
Humidity = 92.00% 

NH3: 214
CO2: 33
CO: 68
H2S: 239
Soil: 2%
Temp = 32.00°C | 89.60°F 
Humidity = 92.00% 

NH3: 214
CO2: 34
CO: 68
H2S: 239
Soil: 2%
Temp = 32.00°C | 89.60°F 
Humidity = 92.00% 

NH3: 213
CO2: 33
CO: 67
H2S: 238
Soil: 2%
Temp = 32.00°C | 89.60°F 
Humidity = 92.00% 

NH3: 212
CO2: 33
CO: 67
H2S: 238
Soil: 2%
Temp = 32.00°C | 89.60°F 
Humidity = 92.00% 

NH3: 213
CO2: 33
CO: 67
H2S: 240
Soil: 2%
Temp = 32.00°C | 89.60°F 
Humidity = 92.00% 

NH3: 213
CO2: 33
CO: 69
H2S: 240
Soil: 2%
Temp = 32.00°C | 89.60°F 
Humidity = 92.00% 

NH3: 213
CO2: 34
CO: 68
H2S: 239
Soil: 2%
Temp = 32.00°C | 89.60°F 
Humidity = 92.00% 

NH3: 212
CO2: 33
CO: 69
H2S: 239
Soil: 2%
Temp = 32.00°C | 89.60°F 
Humidity = 92.00% 

NH3: 212
CO2: 33
CO: 68
H2S: 239
Soil: 2%
Temp = 32.00°C | 89.60°F 
Humidity = 92.00% 

NH3: 212
CO2: 34
CO: 68
H2S: 238
Soil: 2%
Temp = 32.00°C | 89.60°F 
Humidity = 92.00% 

NH3: 211
CO2: 34
CO: 68
H2S: 237
Soil: 2%
Temp = 32.00°C | 89.60°F 
Humidity = 92.00% 

NH3: 210
CO2: 33
CO: 68
H2S: 236
Soil: 2%
Temp = 32.00°C | 89.60°F 
Humidity = 92.00% 

NH3: 209
CO2: 34
CO: 66
H2S: 235
Soil: 2%
Temp = 32.00°C | 89.60°F 
Humidity = 92.00% 

 208
 208CO2: 34
CO: 66
H2S: 234
Soil: 2%
Temp = 32.00°C | 89.60°F 
Humidity = 92.00% 

NH3: 208
CO2: 34
CO: 67
H2S: 233
Soil: 2%
Temp = 32.00°C | 89.60°F 
Humidity = 91.00% 

NH3: 208
CO2: 33
CO: 67
H2S: 233
Soil: 2%
Temp = 32.00°C | 89.60°F 
Humidity = 92.00% 

NH3: 209
CO2: 33
CO: 67
H2S: 234
Soil: 2%
Temp = 32.00°C | 89.60°F 
Humidity = 92.00% 

NH3: 208
CO2: 34
CO: 67
H2S: 233
Soil: 2%
Temp = 32.00°C | 89.60°F 
Humidity = 92.00% 

NH3: 208
CO2: 34
CO: 66
H2S: 233
Soil: 2%
Temp = 32.00°C | 89.60°F 
Humidity = 92.00% 

NH3: 208
CO2: 34
CO: 67
H2S: 231
Soil: 2%
Temp = 32.00°C | 89.60°F 
Humidity = 92.00% 

NH3: 207
CO2: 34
CO: 66
H2S: 230
Soil: 2%
Temp = 32.00°C | 89.60°F 
Humidity = 92.00% 

NH3: 206
CO2: 34
CO: 67
H2S: 228
Soil: 2%
Temp = 32.00°C | 89.60°F 
Humidity = 91.00% 

NH3: 205
CO2: 34
CO: 65
H2S: 226
Soil: 2%
Temp = 32.00°C | 89.60°F 
Humidity = 91.00% 

NH3: 202
CO2: 33
CO: 65
H2S: 226
Soil: 2%
Temp = 32.00°C | 89.60°F 
Humidity = 91.00% 

NH3: 202
CO2: 34
CO: 65
H2S: 224
Soil: 2%
Temp = 32.00°C | 89.60°F 
Humidity = 91.00% 

NH3: 204
CO2: 33
CO: 66
H2S: 227
Soil: 2%
Temp = 32.00°C | 89.60°F 
Humidity = 91.00% 

NH3: 204
CO2: 33
CO: 65
H2S: 226
Soil: 2%
Temp = 32.00°C | 89.60°F 
Humidity = 91.00% 

NH3: 203
CO2: 34
CO: 64
H2S: 224
Soil: 2%
Temp = 32.00°C | 89.60°F 
Humidity = 91.00% 

NH3: 203
CO2: 33
CO: 64
H2S: 224
Soil: 2%
Temp = 32.00°C | 89.60°F 
Humidity = 91.00% 

NH3: 203
CO2: 33
CO: 65
H2S: 224
Soil: 2%
Temp = 32.00°C | 89.60°F 
Humidity = 91.00% 

NH3: 203
CO2: 34
CO: 64
H2S: 223
Soil: 2%
Temp = 32.00°C | 89.60°F 
Humidity = 91.00% 

NH3: 204
CO2: 33
CO: 64
H2S: 224
Soil: 2%
Temp = 32.00°C | 89.60°F 
Humidity = 91.00% 

NH3: 206
CO2: 33
CO: 65
H2S: 225
Soil: 2%
Temp = 32.00°C | 89.60°F 
Humidity = 91.00% 

NH3: 205
CO2: 33
CO: 65
H2S: 226
Soil: 2%
Temp = 32.00°C | 89.60°F 
Humidity = 91.00% 

NH3: 205
CO2: 33
CO: 64
H2S: 225
Soil: 2%
Temp = 32.00°C | 89.60°F 
Humidity = 91.00% 

NH3: 204
CO2: 33
CO: 65
H2S: 225
Soil: 2%
Temp = 32.00°C | 89.60°F 
Humidity = 91.00% 

NH3: 203
CO2: 33
CO: 64
H2S: 223
Soil: 2%
Temp = 32.00°C | 89.60°F 
Humidity = 91.00% 

NH3: 202
CO2: 33
CO: 63
H2S: 223
Soil: 2%
Temp = 32.00°C | 89.60°F 
Humidity = 91.00% 

NH3: 202
CO2: 34
CO: 64
H2S: 221
Soil: 2%
Temp = 32.00°C | 89.60°F 
Humidity = 91.00% 

NH3: 201
CO2: 34
CO: 63
H2S: 221
Soil: 2%
Temp = 32.00°C | 89.60°F 
Humidity = 91.00% 

NH3: 200
CO2: 33
CO: 63
H2S: 221
Soil: 2%
Temp = 32.00°C | 89.60°F 
Humidity = 91.00% 

NH3: 199
CO2: 34
CO: 65
H2S: 220
Soil: 2%
Temp = 32.00°C | 89.60°F 
Humidity = 91.00% 

NH3: 200
CO2: 34
CO: 64
H2S: 221
Soil: 2%
Temp = 32.00°C | 89.60°F 
Humidity = 91.00% 

NH3: 200
CO2: 33
CO: 64
H2S: 220
Soil: 2%
Temp = 32.00°C | 89.60°F 
Humidity = 91.00% 

NH3: 200
CO2: 33
CO: 64
H2S: 219
Soil: 2%
Temp = 32.00°C | 89.60°F 
Humidity = 91.00% 

NH3: 199
CO2: 34
CO: 63
H2S: 218
Soil: 2%
Temp = 32.00°C | 89.60°F 
Humidity = 90.00% 

NH3: 198
CO2: 33
CO: 63
H2S: 217
Soil: 2%
Temp = 32.00°C | 89.60°F 
Humidity = 90.00% 

NH3: 198
CO2: 33
CO: 63
H2S: 218
Soil: 2%
Temp = 32.00°C | 89.60°F 
Humidity = 91.00% 

NH3: 199
CO2: 33
CO: 64
H2S: 220
Soil: 2%
Temp = 32.00°C | 89.60°F 
Humidity = 91.00% 

NH3: 202
CO2: 34
CO: 64
H2S: 221
Soil: 2%
Temp = 32.00°C | 89.60°F 
Humidity = 91.00% 

NH3: 201
CO2: 33
CO: 62
H2S: 219
Soil: 2%
Temp = 33.00°C | 91.40°F 
Humidity = 92.00% 

NH3: 201
CO2: 33
CO: 63
H2S: 221
Soil: 2%
Temp = 33.00°C | 91.40°F 
Humidity = 92.00% 

NH3: 202
CO2: 33
CO: 62
H2S: 221
Soil: 2%
Temp = 33.00°C | 91.40°F 
Humidity = 92.00% 

NH3: 202
CO2: 34
CO: 62
H2S: 220
Soil: 2%
Temp = 32.00°C | 89.60°F 
Humidity = 91.00% 

NH3: 202
CO2: 34
CO: 62
H2S: 222
Soil: 2%
Temp = 32.00°C | 89.60°F 
Humidity = 91.00% 

NH3: 205
CO2: 34
CO: 63
H2S: 223
Soil: 2%
Temp = 33.00°C | 91.40°F 
Humidity = 92.00% 

NH3: 205
CO2: 34
CO: 62
H2S: 223
Soil: 2%
Temp = 32.00°C | 89.60°F 
Humidity = 91.00% 

NH3: 203
CO2: 33
CO: 62
H2S: 223
Soil: 2%
Temp = 32.00°C | 89.60°F 
Humidity = 91.00% 

NH3: 204
CO2: 34
CO: 62
H2S: 223
Soil: 2%
Temp = 33.00°C | 91.40°F 
Humidity = 92.00% 

NH3: 206
CO2: 34
CO: 63
H2S: 225
Soil: 2%
Temp = 32.00°C | 89.60°F 
Humidity = 91.00% 

NH3: 207
CO2: 34
CO: 63
H2S: 227
Soil: 2%
Temp = 32.00°C | 89.60°F 
Humidity = 91.00% 

NH3: 207
CO2: 34
CO: 63
H2S: 226
Soil: 2%
Temp = 32.00°C | 89.60°F 
Humidity = 92.00% 

NH3: 209
CO2: 33
CO: 64
H2S: 227
Soil: 2%
Temp = 32.00°C | 89.60°F 
Humidity = 92.00% 

NH3: 209
CO2: 33
CO: 62
H2S: 227
Soil: 2%
Temp = 32.00°C | 89.60°F 
Humidity = 92.00% 

NH3: 210
CO2: 33
CO: 63
H2S: 228
Soil: 2%
Temp = 32.00°C | 89.60°F 
Humidity = 92.00% 

NH3: 209
CO2: 34
CO: 65
H2S: 226
Soil: 2%
Temp = 32.00°C | 89.60°F 
Humidity = 91.00% 

NH3: 210
CO2: 34
CO: 64
H2S: 227
Soil: 2%
Temp = 32.00°C | 89.60°F 
Humidity = 91.00% 

NH3: 211
CO2: 34
CO: 63
H2S: 227
Soil: 2%
Temp = 32.00°C | 89.60°F 
Humidity = 91.00% 

NH3: 212
CO2: 33
CO: 63
H2S: 226
Soil: 2%
Temp = 32.00°C | 89.60°F 
Humidity = 91.00% 

NH3: 209
CO2: 34
CO: 62
H2S: 223
Soil: 2%
Temp = 32.00°C | 89.60°F 
Humidity = 91.00% 

NH3: 207
CO2: 34
CO: 62
H2S: 222
Soil: 2%
Temp = 32.00°C | 89.60°F 
Humidity = 91.00% 

NH3: 206
CO2: 33
CO: 62
H2S: 222
Soil: 2%
Temp = 32.00°C | 89.60°F 
Humidity = 91.00% 

H3: 205
HCO2: 33
CO: 62
H2S: 221
Soil: 2%
Temp = 32.00°C | 89.60°F 
Humidity = 91.00% 

NH3: 205
CO2: 33
CO: 63
H2S: 222
Soil: 2%
Temp = 32.00°C | 89.60°F 
Humidity = 91.00% 

NH3: 205
CO2: 33
CO: 62
H2S: 221
Soil: 2%
Temp = 32.00°C | 89.60°F 
Humidity = 91.00% 

NH3: 205
CO2: 34
CO: 62
H2S: 221
Soil: 2%
Temp = 32.00°C | 89.60°F 
Humidity = 91.00% 

NH3: 204
CO2: 34
CO: 61
H2S: 222
Soil: 2%
Temp = 32.00°C | 89.60°F 
Humidity = 91.00% 

NH3: 203
CO2: 33
CO: 61
H2S: 222
Soil: 2%
Temp = 32.00°C | 89.60°F 
Humidity = 91.00% 

NH3: 203
CO2: 34
CO: 61
H2S: 222
Soil: 2%
Temp = 32.00°C | 89.60°F 
Humidity = 91.00% 

NH3: 205
CO2: 34
CO: 62
H2S: 223
Soil: 2%
Temp = 32.00°C | 89.60°F 
Humidity = 91.00% 

NH3: 207
CO2: 34
CO: 63
H2S: 225
Soil: 2%
Temp = 33.00°C | 91.40°F 
Humidity = 92.00% 

NH3: 209
CO2: 33
CO: 63
H2S: 227
Soil: 2%
Temp = 33.00°C | 91.40°F 
Humidity = 92.00% 

NH3: 210
CO2: 33
CO: 64
H2S: 231
Soil: 2%
Temp = 33.00°C | 91.40°F 
Humidity = 92.00% 

NH3: 215
CO2: 34
CO: 65
H2S: 237
Soil: 2%
Temp = 33.00°C | 91.40°F 
Humidity = 93.00% 

NH3: 220
CO2: 33
CO: 67
H2S: 243
Soil: 2%
Temp = 33.00°C | 91.40°F 
Humidity = 93.00% 

NH3: 221
CO2: 34
CO: 64
H2S: 240
Soil: 2%
Temp = 33.00°C | 91.40°F 
Humidity = 93.00% 

NH3: 219
CO2: 33
CO: 63
H2S: 237
Soil: 2%
Temp = 33.00°C | 91.40°F 
Humidity = 93.00% 

NH3: 216
CO2: 33
CO: 63
H2S: 233
Soil: 2%
Temp = 33.00°C | 91.40°F 
Humidity = 93.00% 

NH3: 214
CO2: 34
CO: 62
H2S: 231
Soil: 2%
Temp = 33.00°C | 91.40°F 
Humidity = 92.00% 

NH3: 212
CO2: 33
CO: 61
H2S: 230
Soil: 2%
Temp = 33.00°C | 91.40°F 
Humidity = 92.00% 

NH3: 212
CO2: 33
CO: 61
H2S: 228
Soil: 2%
Temp = 33.00°C | 91.40°F 
Humidity = 92.00% 

12
12
 2CO2: 34
CO: 61
H2S: 229
Soil: 2%
Temp = 33.00°C | 91.40°F 
Humidity = 92.00% 

NH3: 214
CO2: 34
CO: 61
H2S: 230
Soil: 2%
Temp = 33.00°C | 91.40°F 
Humidity = 92.00% 

NH3: 214
CO2: 33
CO: 61
H2S: 232
Soil: 2%
Temp = 33.00°C | 91.40°F 
Humidity = 93.00% 

NH3: 214
CO2: 34
CO: 61
H2S: 233
Soil: 2%
Temp = 33.00°C | 91.40°F 
Humidity = 92.00% 

NH3: 216
CO2: 33
CO: 61
H2S: 231
Soil: 2%
Temp = 33.00°C | 91.40°F 
Humidity = 92.00% 

NH3: 214
CO2: 33
CO: 60
H2S: 231
Soil: 2%
Temp = 33.00°C | 91.40°F 
Humidity = 92.00% 



H3: 213CO2: 34
CO: 61
H2S: 230
Soil: 2%
Temp = 33.00°C | 91.40°F 
Humidity = 92.00% 

NH3: 212
CO2: 33
CO: 60
H2S: 228
Soil: 2%
Temp = 33.00°C | 91.40°F 
Humidity = 92.00% 

NH3: 212
CO2: 33
CO: 61
H2S: 229
Soil: 2%
Temp = 33.00°C | 91.40°F 
Humidity = 92.00% 

NH3: 214
CO2: 33
CO: 60
H2S: 230
Soil: 2%
Temp = 33.00°C | 91.40°F 
Humidity = 92.00% 

NH3: 214
CO2: 34
CO: 61
H2S: 232
Soil: 2%
Temp = 33.00°C | 91.40°F 
Humidity = 92.00% 

NH3: 213
CO2: 34
CO: 60
H2S: 231
Soil: 2%
Temp = 33.00°C | 91.40°F 
Humidity = 92.00% 

NH3: 210
CO2: 34
CO: 60
H2S: 230
Soil: 2%
Temp = 33.00°C | 91.40°F 
Humidity = 92.00% 

NH3: 210
CO2: 34
CO: 60
H2S: 229
Soil: 2%
Temp = 33.00°C | 91.40°F 
Humidity = 92.00% 

NH3: 208
CO2: 33
CO: 60
H2S: 229
Soil: 2%
Temp = 33.00°C | 91.40°F 
Humidity = 92.00% 

NH3: 207
CO2: 33
CO: 59
H2S: 228
Soil: 2%
Temp = 33.00°C | 91.40°F 
Humidity = 92.00% 

NH3: 207
CO2: 34
CO: 60
H2S: 225
Soil: 2%
Temp = 33.00°C | 91.40°F 
Humidity = 92.00% 

NH3: 204
CO2: 33
CO: 59
H2S: 223
Soil: 2%
Temp = 33.00°C | 91.40°F 
Humidity = 92.00% 

NH3: 204
CO2: 33
CO: 59
H2S: 222
Soil: 2%
Temp = 33.00°C | 91.40°F 
Humidity = 91.00% 

NH3: 202
CO2: 34
CO: 59
H2S: 221
Soil: 2%
Temp = 33.00°C | 91.40°F 
Humidity = 91.00% 

NH3: 202
CO2: 33
CO: 59
H2S: 221
Soil: 2%
Temp = 33.00°C | 91.40°F 
Humidity = 91.00% 

NH3: 201
CO2: 33
CO: 59
H2S: 220
Soil: 2%
Temp = 33.00°C | 91.40°F 
Humidity = 91.00% 

NH3: 201
CO2: 34
CO: 58
H2S: 220
Soil: 2%
Temp = 33.00°C | 91.40°F 
Humidity = 91.00% 

NH3: 200
CO2: 33
CO: 59
H2S: 219
Soil: 2%
Temp = 33.00°C | 91.40°F 
Humidity = 91.00% 

NH3: 200
CO2: 33
CO: 58
H2S: 219
Soil: 2%
Temp = 33.00°C | 91.40°F 
Humidity = 91.00% 

NH3: 201
CO2: 33
CO: 59
H2S: 220
Soil: 2%
Temp = 33.00°C | 91.40°F 
Humidity = 91.00% 

NH3: 202
CO2: 33
CO: 58
H2S: 222
Soil: 2%
Temp = 33.00°C | 91.40°F 
Humidity = 91.00% 

H3: 203
HCO2: 33
CO: 59
H2S: 222
Soil: 2%
Temp = 33.00°C | 91.40°F 
Humidity = 91.00% 

NH3: 203
CO2: 34
CO: 58
H2S: 222
Soil: 2%
Temp = 33.00°C | 91.40°F 
Humidity = 91.00% 

NH3: 203
CO2: 34
CO: 59
H2S: 223
Soil: 2%
Temp = 33.00°C | 91.40°F 
Humidity = 91.00% 

NH3: 204
CO2: 33
CO: 59
H2S: 221
Soil: 2%
Temp = 33.00°C | 91.40°F 
Humidity = 91.00% 

NH3: 202
CO2: 34
CO: 59
H2S: 220
Soil: 2%
Temp = 33.00°C | 91.40°F 
Humidity = 91.00% 

NH3: 204
CO2: 33
CO: 59
H2S: 220
Soil: 2%
Temp = 33.00°C | 91.40°F 
Humidity = 91.00% 

NH3: 205
CO2: 33
CO: 59
H2S: 222
Soil: 2%
Temp = 33.00°C | 91.40°F 
Humidity = 91.00% 

NH3: 207
CO2: 33
CO: 60
H2S: 224
Soil: 2%
Temp = 33.00°C | 91.40°F 
Humidity = 92.00% 

NH3: 208
CO2: 33
CO: 59
H2S: 224
Soil: 2%
Temp = 33.00°C | 91.40°F 
Humidity = 92.00% 

NH3: 209
CO2: 33
CO: 59
H2S: 223
Soil: 2%
Temp = 33.00°C | 91.40°F 
Humidity = 92.00% 

NH3: 206
CO2: 34
CO: 59
H2S: 222
Soil: 2%
Temp = 33.00°C | 91.40°F 
Humidity = 91.00% 

NH3: 206
CO2: 34
CO: 59
H2S: 222
Soil: 2%
Temp = 33.00°C | 91.40°F 
Humidity = 92.00% 

NH3: 204
CO2: 33
CO: 59
H2S: 220
Soil: 2%
Temp = 33.00°C | 91.40°F 
Humidity = 91.00% 

NH3: 204
CO2: 34
CO: 58
H2S: 219
Soil: 2%
Temp = 33.00°C | 91.40°F 
Humidity = 91.00% 

NH3: 203
CO2: 34
CO: 58
H2S: 219
Soil: 2%
Temp = 33.00°C | 91.40°F 
Humidity = 91.00% 

NH3: 204
CO2: 34
CO: 59
H2S: 222
Soil: 2%
Temp = 33.00°C | 91.40°F 
Humidity = 92.00% 

NH3: 205
CO2: 33
CO: 59
H2S: 223
Soil: 2%
Temp = 33.00°C | 91.40°F 
Humidity = 92.00% 

NH3: 205
CO2: 33
CO: 59
H2S: 223
Soil: 2%
Temp = 33.00°C | 91.40°F 
Humidity = 92.00% 

NH3: 205
CO2: 34
CO: 58
H2S: 221
Soil: 2%
Temp = 33.00°C | 91.40°F 
Humidity = 92.00% 

NH3: 202
CO2: 34
CO: 58
H2S: 220
Soil: 2%
Temp = 33.00°C | 91.40°F 
Humidity = 91.00% 

NH3: 201
CO2: 34
CO: 58
H2S: 218
Soil: 2%
Temp = 33.00°C | 91.40°F 
Humidity = 91.00% 

NH3: 201
CO2: 34
CO: 58
H2S: 217
Soil: 2%
Temp = 33.00°C | 91.40°F 
Humidity = 91.00% 

NH3: 200
CO2: 33
CO: 57
H2S: 216
Soil: 2%
Temp = 33.00°C | 91.40°F 
Humidity = 91.00% 

NH3: 200
CO2: 34
CO: 57
H2S: 215
Soil: 2%
Temp = 33.00°C | 91.40°F 
Humidity = 91.00% 

NH3: 199
CO2: 33
CO: 57
H2S: 215
Soil: 2%
Temp = 33.00°C | 91.40°F 
Humidity = 91.00% 

NH3: 199
CO2: 33
CO: 57
H2S: 215
Soil: 2%
Temp = 33.00°C | 91.40°F 
Humidity = 91.00% 

NH3: 199
CO2: 34
CO: 57
H2S: 215
Soil: 2%
Temp = 33.00°C | 91.40°F 
Humidity = 91.00% 

NH3: 199
CO2: 34
CO: 58
H2S: 216
Soil: 2%
Temp = 33.00°C | 91.40°F 
Humidity = 91.00% 

NH3: 200
CO2: 33
CO: 57
H2S: 216
Soil: 2%
Temp = 33.00°C | 91.40°F 
Humidity = 91.00% 

NH3: 203
CO2: 34
CO: 58
H2S: 217
Soil: 2%
Temp = 33.00°C | 91.40°F 
Humidity = 91.00% 

4
4
: 20CO2: 33
CO: 58
H2S: 219
Soil: 2%
Temp = 33.00°C | 91.40°F 
Humidity = 91.00% 

NH3: 205
CO2: 34
CO: 58
H2S: 220
Soil: 2%
Temp = 33.00°C | 91.40°F 
Humidity = 91.00% 

NH3: 204
CO2: 33
CO: 58
H2S: 220
Soil: 2%
Temp = 33.00°C | 91.40°F 
Humidity = 91.00% 

NH3: 203
CO2: 33
CO: 57
H2S: 218
Soil: 2%
Temp = 33.00°C | 91.40°F 
Humidity = 91.00% 

NH3: 202
CO2: 33
CO: 57
H2S: 218
Soil: 2%
Temp = 33.00°C | 91.40°F 
Humidity = 91.00% 

NH3: 200
CO2: 33
CO: 58
H2S: 217
Soil: 2%
Temp = 33.00°C | 91.40°F 
Humidity = 91.00% 

NH3: 199
CO2: 34
CO: 57
H2S: 216
Soil: 2%
Temp = 33.00°C | 91.40°F 
Humidity = 90.00% 

NH3: 199
CO2: 33
CO: 59
H2S: 216
Soil: 2%
Temp = 33.00°C | 91.40°F 
Humidity = 90.00% 

NH3: 199
CO2: 33
CO: 60
H2S: 218
Soil: 2%
Temp = 33.00°C | 91.40°F 
Humidity = 91.00% 

NH3: 201
CO2: 34
CO: 59
H2S: 219
Soil: 2%
Temp = 33.00°C | 91.40°F 
Humidity = 91.00% 

NH3: 203
CO2: 33
CO: 61
H2S: 220
Soil: 2%
Temp = 33.00°C | 91.40°F 
Humidity = 91.00% 

NH3: 202
CO2: 34
CO: 60
H2S: 219
Soil: 2%
Temp = 33.00°C | 91.40°F 
Humidity = 91.00% 

NH3: 200
CO2: 33
CO: 60
H2S: 217
Soil: 2%
Temp = 33.00°C | 91.40°F 
Humidity = 91.00% 

NH3: 200
CO2: 33
CO: 59
H2S: 217
Soil: 2%
Temp = 33.00°C | 91.40°F 
Humidity = 91.00% 

NH3: 199
CO2: 33
CO: 60
H2S: 217
Soil: 2%
Temp = 33.00°C | 91.40°F 
Humidity = 90.00% 

NH3: 200
CO2: 33
CO: 59
H2S: 218
Soil: 2%
Temp = 33.00°C | 91.40°F 
Humidity = 91.00% 

NH3: 200
CO2: 33
CO: 60
H2S: 218
Soil: 2%
Temp = 33.00°C | 91.40°F 
Humidity = 91.00% 

NH3: 201
CO2: 34
CO: 60
H2S: 217
Soil: 2%
Temp = 33.00°C | 91.40°F 
Humidity = 91.00% 

NH3: 202
CO2: 33
CO: 60
H2S: 217
Soil: 2%
Temp = 33.00°C | 91.40°F 
Humidity = 91.00% 

NH3: 200
CO2: 33
CO: 59
H2S: 216
Soil: 2%
Temp = 33.00°C | 91.40°F 
Humidity = 91.00% 

NH3: 200
CO2: 33
CO: 60
H2S: 216
Soil: 2%
Temp = 33.00°C | 91.40°F 
Humidity = 91.00% 

NH3: 201
CO2: 33
CO: 60
H2S: 218
Soil: 2%
Temp = 33.00°C | 91.40°F 
Humidity = 91.00% 

NH3: 202
CO2: 33
CO: 59
H2S: 218
Soil: 2%
Temp = 33.00°C | 91.40°F 
Humidity = 91.00% 

NH3: 203
CO2: 33
CO: 59
H2S: 219
Soil: 2%
Temp = 33.00°C | 91.40°F 
Humidity = 91.00% 

NH3: 203
CO2: 33
CO: 60
H2S: 218
Soil: 2%
Temp = 33.00°C | 91.40°F 
Humidity = 91.00% 

NH3: 203
CO2: 34
CO: 59
H2S: 218
Soil: 2%
Temp = 33.00°C | 91.40°F 
Humidity = 91.00% 

NH3: 203
CO2: 34
CO: 59
H2S: 218
Soil: 2%
Temp = 33.00°C | 91.40°F 
Humidity = 91.00% 

NH3: 203
CO2: 34
CO: 59
H2S: 217
Soil: 2%
Temp = 33.00°C | 91.40°F 
Humidity = 91.00% 

NH3: 202
CO2: 34
CO: 59
H2S: 217
Soil: 2%
Temp = 33.00°C | 91.40°F 
Humidity = 91.00% 

NH3: 202
CO2: 34
CO: 59
H2S: 217
Soil: 2%
Temp = 33.00°C | 91.40°F 
Humidity = 91.00% 

NH3: 201
CO2: 33
CO: 59
H2S: 217
Soil: 2%
Temp = 33.00°C | 91.40°F 
Humidity = 91.00% 

NH3: 201
CO2: 33
CO: 59
H2S: 218
Soil: 2%
Temp = 33.00°C | 91.40°F 
Humidity = 91.00% 

NH3: 203
CO2: 33
CO: 59
H2S: 219
Soil: 2%
Temp = 33.00°C | 91.40°F 
Humidity = 91.00% 

NH3: 203
CO2: 33
CO: 59
H2S: 218
Soil: 2%
Temp = 33.00°C | 91.40°F 
Humidity = 91.00% 

NH3: 203
CO2: 33
CO: 59
H2S: 219
Soil: 2%
Temp = 33.00°C | 91.40°F 
Humidity = 91.00% 

NH3: 203
CO2: 33
CO: 59
H2S: 218
Soil: 2%
Temp = 33.00°C | 91.40°F 
Humidity = 91.00% 

2
2
: 20CO2: 33
CO: 60
H2S: 218
Soil: 2%
Temp = 33.00°C | 91.40°F 
Humidity = 91.00% 

NH3: 204
CO2: 34
CO: 60
H2S: 220
Soil: 2%
Temp = 33.00°C | 91.40°F 
Humidity = 91.00% 

NH3: 204
CO2: 33
CO: 60
H2S: 222
Soil: 2%
Temp = 33.00°C | 91.40°F 
Humidity = 91.00% 



3: 205CO2: 34
CO: 60
H2S: 220
Soil: 2%
Temp = 33.00°C | 91.40°F 
Humidity = 91.00% 

NH3: 205
CO2: 33
CO: 61
H2S: 221
Soil: 2%
Temp = 33.00°C | 91.40°F 
Humidity = 91.00% 

NH3: 206
CO2: 33
CO: 60
H2S: 224
Soil: 2%
Temp = 33.00°C | 91.40°F 
Humidity = 92.00% 

NH3: 207
CO2: 34
CO: 61
H2S: 224
Soil: 2%
Temp = 33.00°C | 91.40°F 
Humidity = 92.00% 

NH3: 206
CO2: 34
CO: 60
H2S: 223
Soil: 2%
Temp = 33.00°C | 91.40°F 
Humidity = 91.00% 

NH3: 206
CO2: 33
CO: 59
H2S: 221
Soil: 2%
Temp = 33.00°C | 91.40°F 
Humidity = 91.00% 

NH3: 204
CO2: 34
CO: 58
H2S: 221
Soil: 2%
Temp = 33.00°C | 91.40°F 
Humidity = 91.00% 

NH3: 205
CO2: 33
CO: 58
H2S: 221
Soil: 2%
Temp = 33.00°C | 91.40°F 
Humidity = 91.00% 

NH3: 205
CO2: 33
CO: 58
H2S: 222
Soil: 2%
Temp = 33.00°C | 91.40°F 
Humidity = 91.00% 

NH3: 205
CO2: 34
CO: 57
H2S: 222
Soil: 2%
Temp = 33.00°C | 91.40°F 
Humidity = 91.00% 

05
05
 2CO2: 33
CO: 57
H2S: 222
Soil: 2%
Temp = 33.00°C | 91.40°F 
Humidity = 91.00% 

NH3: 205
CO2: 34
CO: 57
H2S: 220
Soil: 2%
Temp = 33.00°C | 91.40°F 
Humidity = 91.00% 

NH3: 203
CO2: 34
CO: 56
H2S: 218
Soil: 2%
Temp = 33.00°C | 91.40°F 
Humidity = 91.00% 

NH3: 202
CO2: 33
CO: 58
H2S: 217
Soil: 2%
Temp = 33.00°C | 91.40°F 
Humidity = 91.00% 

NH3: 201
CO2: 34
CO: 57
H2S: 217
Soil: 2%
Temp = 33.00°C | 91.40°F 
Humidity = 91.00% 

NH3: 201
CO2: 33
CO: 58
H2S: 216
Soil: 2%
Temp = 33.00°C | 91.40°F 
Humidity = 91.00% 

3: 201
3:CO2: 33
CO: 58
H2S: 216
Soil: 2%
Temp = 33.00°C | 91.40°F 
Humidity = 91.00% 

NH3: 199
CO2: 33
CO: 58
H2S: 215
Soil: 2%
Temp = 33.00°C | 91.40°F 
Humidity = 90.00% 

NH3: 200
CO2: 33
CO: 58
H2S: 215
Soil: 2%
Temp = 33.00°C | 91.40°F 
Humidity = 90.00% 

NH3: 200
CO2: 33
CO: 57
H2S: 215
Soil: 2%
Temp = 33.00°C | 91.40°F 
Humidity = 91.00% 

NH3: 201
CO2: 33
CO: 60
H2S: 216
Soil: 2%
Temp = 33.00°C | 91.40°F 
Humidity = 91.00% 

NH3: 201
CO2: 33
CO: 59
H2S: 217
Soil: 2%
Temp = 33.00°C | 91.40°F 
Humidity = 90.00% 

NH3: 201
CO2: 33
CO: 59
H2S: 217
Soil: 2%
Temp = 33.00°C | 91.40°F 
Humidity = 90.00% 



3: 200CO2: 33
CO: 59
H2S: 217
Soil: 2%
Temp = 33.00°C | 91.40°F 
Humidity = 91.00% 

NH3: 201
CO2: 33
CO: 58
H2S: 218
Soil: 2%
Temp = 33.00°C | 91.40°F 
Humidity = 91.00% 

NH3: 200
CO2: 33
CO: 58
H2S: 217
Soil: 2%
Temp = 33.00°C | 91.40°F 
Humidity = 90.00% 

NH3: 201
CO2: 34
CO: 56
H2S: 217
Soil: 2%
Temp = 33.00°C | 91.40°F 
Humidity = 91.00% 

NH3: 200
CO2: 33
CO: 56
H2S: 216
Soil: 2%
Temp = 33.00°C | 91.40°F 
Humidity = 90.00% 

NH3: 199
CO2: 33
CO: 56
H2S: 215
Soil: 2%
Temp = 33.00°C | 91.40°F 
Humidity = 90.00% 

NH3: 198
CO2: 33
CO: 55
H2S: 212
Soil: 2%
Temp = 33.00°C | 91.40°F 
Humidity = 90.00% 

NH3: 197
CO2: 33
CO: 55
H2S: 211
Soil: 2%
Temp = 33.00°C | 91.40°F 
Humidity = 90.00% 

NH3: 196
CO2: 33
CO: 55
H2S: 211
Soil: 2%
Temp = 33.00°C | 91.40°F 
Humidity = 90.00% 

NH3: 196
CO2: 33
CO: 55
H2S: 212
Soil: 2%
Temp = 33.00°C | 91.40°F 
Humidity = 90.00% 

NH3: 198
CO2: 34
CO: 56
H2S: 213
Soil: 2%
Temp = 33.00°C | 91.40°F 
Humidity = 90.00% 

NH3: 197
CO2: 34
CO: 56
H2S: 214
Soil: 2%
Temp = 33.00°C | 91.40°F 
Humidity = 90.00% 

NH3: 198
CO2: 33
CO: 56
H2S: 214
Soil: 2%
Temp = 33.00°C | 91.40°F 
Humidity = 90.00% 

NH3: 197
CO2: 33
CO: 56
H2S: 213
Soil: 2%
Temp = 33.00°C | 91.40°F 
Humidity = 90.00% 

NH3: 198
CO2: 33
CO: 56
H2S: 212
Soil: 2%
Temp = 33.00°C | 91.40°F 
Humidity = 90.00% 

NH3: 197
CO2: 34
CO: 56
H2S: 211
Soil: 2%
Temp = 33.00°C | 91.40°F 
Humidity = 90.00% 

NH3: 196
CO2: 34
CO: 56
H2S: 210
Soil: 2%
Temp = 33.00°C | 91.40°F 
Humidity = 90.00% 

NH3: 195
CO2: 34
CO: 55
H2S: 209
Soil: 2%
Temp = 33.00°C | 91.40°F 
Humidity = 90.00% 

NH3: 194
CO2: 34
CO: 55
H2S: 208
Soil: 2%
Temp = 33.00°C | 91.40°F 
Humidity = 89.00% 

NH3: 194
CO2: 34
CO: 55
H2S: 209
Soil: 2%
Temp = 33.00°C | 91.40°F 
Humidity = 89.00% 

NH3: 195
CO2: 34
CO: 56
H2S: 210
Soil: 2%
Temp = 33.00°C | 91.40°F 
Humidity = 89.00% 

NH3: 195
CO2: 34
CO: 56
H2S: 211
Soil: 2%
Temp = 33.00°C | 91.40°F 
Humidity = 89.00% 

196
196
CO2: 34
CO: 56
H2S: 212
Soil: 2%
Temp = 33.00°C | 91.40°F 
Humidity = 89.00% 

NH3: 197
CO2: 34
CO: 56
H2S: 212
Soil: 2%
Temp = 33.00°C | 91.40°F 
Humidity = 90.00% 

NH3: 197
CO2: 34
CO: 56
H2S: 212
Soil: 2%
Temp = 33.00°C | 91.40°F 
Humidity = 90.00% 

NH3: 197
CO2: 34
CO: 55
H2S: 212
Soil: 2%
Temp = 33.00°C | 91.40°F 
Humidity = 89.00% 

NH3: 197
CO2: 34
CO: 56
H2S: 211
Soil: 2%
Temp = 33.00°C | 91.40°F 
Humidity = 89.00% 

NH3: 197
CO2: 34
CO: 56
H2S: 211
Soil: 2%
Temp = 33.00°C | 91.40°F 
Humidity = 89.00% 

NH3: 196
CO2: 33
CO: 56
H2S: 210
Soil: 2%
Temp = 33.00°C | 91.40°F 
Humidity = 89.00% 

NH3: 197
CO2: 34
CO: 56
H2S: 210
Soil: 2%
Temp = 33.00°C | 91.40°F 
Humidity = 89.00% 

NH3: 198
CO2: 35
CO: 56
H2S: 211
Soil: 2%
Temp = 33.00°C | 91.40°F 
Humidity = 89.00% 

NH3: 199
CO2: 34
CO: 56
H2S: 214
Soil: 2%
Temp = 33.00°C | 91.40°F 
Humidity = 89.00% 

NH3: 201
CO2: 34
CO: 58
H2S: 219
Soil: 2%
Temp = 33.00°C | 91.40°F 
Humidity = 90.00% 

NH3: 204
CO2: 34
CO: 58
H2S: 224
Soil: 2%
Temp = 33.00°C | 91.40°F 
Humidity = 90.00% 

NH3: 206
CO2: 34
CO: 59
H2S: 228
Soil: 2%
Temp = 33.00°C | 91.40°F 
Humidity = 90.00% 

NH3: 209
CO2: 34
CO: 58
H2S: 229
Soil: 2%
Temp = 33.00°C | 91.40°F 
Humidity = 91.00% 

NH3: 212
CO2: 34
CO: 58
H2S: 229
Soil: 2%
Temp = 33.00°C | 91.40°F 
Humidity = 91.00% 

NH3: 212
CO2: 34
CO: 58
H2S: 230
Soil: 2%
Temp = 33.00°C | 91.40°F 
Humidity = 91.00% 

NH3: 214
CO2: 34
CO: 59
H2S: 231
Soil: 2%
Temp = 33.00°C | 91.40°F 
Humidity = 91.00% 

NH3: 217
CO2: 34
CO: 59
H2S: 235
Soil: 2%
Temp = 33.00°C | 91.40°F 
Humidity = 91.00% 

NH3: 222
CO2: 34
CO: 61
H2S: 241
Soil: 2%
Temp = 33.00°C | 91.40°F 
Humidity = 92.00% 

NH3: 225
CO2: 34
CO: 61
H2S: 243
Soil: 2%
Temp = 33.00°C | 91.40°F 
Humidity = 92.00% 

NH3: 228
CO2: 34
CO: 60
H2S: 244
Soil: 2%
Temp = 33.00°C | 91.40°F 
Humidity = 92.00% 

NH3: 227
CO2: 34
CO: 60
H2S: 246
Soil: 2%
Temp = 33.00°C | 91.40°F 
Humidity = 92.00% 

NH3: 228
CO2: 34
CO: 60
H2S: 247
Soil: 2%
Temp = 33.00°C | 91.40°F 
Humidity = 92.00% 

29
29
 2CO2: 34
CO: 62
H2S: 255
Soil: 2%
Temp = 33.00°C | 91.40°F 
Humidity = 92.00% 

NH3: 232
CO2: 34
CO: 61
H2S: 257
Soil: 2%
Temp = 33.00°C | 91.40°F 
Humidity = 92.00% 

NH3: 235
CO2: 34
CO: 62
H2S: 259
Soil: 2%
Temp = 33.00°C | 91.40°F 
Humidity = 92.00% 

NH3: 240
CO2: 35
CO: 63
H2S: 265
Soil: 2%
Temp = 33.00°C | 91.40°F 
Humidity = 93.00% 

NH3: 243
CO2: 34
CO: 63
H2S: 268
Soil: 2%
Temp = 33.00°C | 91.40°F 
Humidity = 93.00% 

NH3: 244
CO2: 34
CO: 63
H2S: 268
Soil: 2%
Temp = 33.00°C | 91.40°F 
Humidity = 93.00% 

NH3: 247
CO2: 34
CO: 64
H2S: 269
Soil: 2%
Temp = 33.00°C | 91.40°F 
Humidity = 93.00% 

NH3: 249
CO2: 35
CO: 63
H2S: 271
Soil: 2%
Temp = 33.00°C | 91.40°F 
Humidity = 93.00% 

NH3: 252
CO2: 34
CO: 64
H2S: 276
Soil: 2%
Temp = 33.00°C | 91.40°F 
Humidity = 93.00% 

NH3: 255
CO2: 34
CO: 65
H2S: 280
Soil: 2%
Temp = 33.00°C | 91.40°F 
Humidity = 93.00% 

: 259
: 2CO2: 34
CO: 65
H2S: 283
Soil: 2%
Temp = 33.00°C | 91.40°F 
Humidity = 94.00% 

NH3: 262
CO2: 34
CO: 68
H2S: 293
Soil: 2%
Temp = 33.00°C | 91.40°F 
Humidity = 94.00% 

NH3: 265
CO2: 34
CO: 67
H2S: 294
Soil: 2%
Temp = 33.00°C | 91.40°F 
Humidity = 94.00% 

NH3: 269
CO2: 34
CO: 67
H2S: 295
Soil: 2%
Temp = 33.00°C | 91.40°F 
Humidity = 94.00% 

NH3: 269
CO2: 34
CO: 69
H2S: 300
Soil: 2%
Temp = 33.00°C | 91.40°F 
Humidity = 94.00% 

NH3: 269
CO2: 35
CO: 69
H2S: 304
Soil: 2%
Temp = 33.00°C | 91.40°F 
Humidity = 95.00% 

NH3: 269
CO2: 34
CO: 70
H2S: 307
Soil: 2%
Temp = 33.00°C | 91.40°F 
Humidity = 95.00% 

NH3: 270
CO2: 34
CO: 70
H2S: 311
Soil: 2%
Temp = 33.00°C | 91.40°F 
Humidity = 95.00% 

NH3: 271
CO2: 34
CO: 67
H2S: 301
Soil: 2%
Temp = 33.00°C | 91.40°F 
Humidity = 95.00% 

NH3: 271
CO2: 34
CO: 68
H2S: 303
Soil: 2%
Temp = 33.00°C | 91.40°F 
Humidity = 95.00% 

: 271
: 2CO2: 34
CO: 66
H2S: 297
Soil: 2%
Temp = 33.00°C | 91.40°F 
Humidity = 95.00% 

NH3: 268
CO2: 34
CO: 65
H2S: 289
Soil: 2%
Temp = 33.00°C | 91.40°F 
Humidity = 95.00% 

NH3: 265
CO2: 34
CO: 64
H2S: 284
Soil: 2%
Temp = 33.00°C | 91.40°F 
Humidity = 94.00% 

NH3: 267
CO2: 34
CO: 67
H2S: 289
Soil: 2%
Temp = 33.00°C | 91.40°F 
Humidity = 94.00% 

NH3: 275
CO2: 35
CO: 67
H2S: 297
Soil: 2%
Temp = 33.00°C | 91.40°F 
Humidity = 95.00% 

3: 279
3:CO2: 34
CO: 66
H2S: 298
Soil: 2%
Temp = 33.00°C | 91.40°F 
Humidity = 95.00% 

NH3: 277
CO2: 34
CO: 67
H2S: 299
Soil: 2%
Temp = 33.00°C | 91.40°F 
Humidity = 95.00% 

NH3: 276
CO2: 35
CO: 68
H2S: 304
Soil: 2%
Temp = 33.00°C | 91.40°F 
Humidity = 95.00% 

 277
 277CO2: 35
CO: 68
H2S: 306
Soil: 2%
Temp = 33.00°C | 91.40°F 
Humidity = 95.00% 

NH3: 278
CO2: 35
CO: 68
H2S: 306
Soil: 2%
Temp = 33.00°C | 91.40°F 
Humidity = 95.00% 

NH3: 278
CO2: 35
CO: 68
H2S: 307
Soil: 2%
Temp = 33.00°C | 91.40°F 
Humidity = 95.00% 

NH3: 279
CO2: 34
CO: 67
H2S: 306
Soil: 2%
Temp = 33.00°C | 91.40°F 
Humidity = 95.00% 

NH3: 277
CO2: 34
CO: 67
H2S: 306
Soil: 2%
Temp = 33.00°C | 91.40°F 
Humidity = 95.00% 

NH3: 281
CO2: 34
CO: 69
H2S: 312
Soil: 2%
Temp = 33.00°C | 91.40°F 
Humidity = 95.00% 

NH3: 283
CO2: 34
CO: 68
H2S: 312
Soil: 2%
Temp = 33.00°C | 91.40°F 
Humidity = 95.00% 

NH3: 283
CO2: 34
CO: 68
H2S: 312
Soil: 2%
Temp = 33.00°C | 91.40°F 
Humidity = 95.00% 

NH3: 287
CO2: 34
CO: 70
H2S: 318
Soil: 2%
Temp = 33.00°C | 91.40°F 
Humidity = 95.00% 

NH3: 293
CO2: 34
CO: 69
H2S: 318
Soil: 2%
Temp = 33.00°C | 91.40°F 
Humidity = 95.00% 

NH3: 295
CO2: 35
CO: 69
H2S: 315
Soil: 2%
Temp = 33.00°C | 91.40°F 
Humidity = 95.00% 

NH3: 295
CO2: 35
CO: 69
H2S: 315
Soil: 2%
Temp = 33.00°C | 91.40°F 
Humidity = 95.00% 

NH3: 293
CO2: 35
CO: 68
H2S: 309
Soil: 2%
Temp = 33.00°C | 91.40°F 
Humidity = 95.00% 

NH3: 288
CO2: 34
CO: 67
H2S: 306
Soil: 2%
Temp = 33.00°C | 91.40°F 
Humidity = 95.00% 

NH3: 283
CO2: 35
CO: 67
H2S: 304
Soil: 2%
Temp = 34.00°C | 93.20°F 
Humidity = 95.00% 

NH3: 280
CO2: 35
CO: 66
H2S: 302
Soil: 2%
Temp = 34.00°C | 93.20°F 
Humidity = 94.00% 

NH3: 278
CO2: 35
CO: 66
H2S: 299
Soil: 2%
Temp = 34.00°C | 93.20°F 
Humidity = 94.00% 

NH3: 277
CO2: 35
CO: 66
H2S: 298
Soil: 2%
Temp = 34.00°C | 93.20°F 
Humidity = 94.00% 

NH3: 275
CO2: 34
CO: 66
H2S: 296
Soil: 2%
Temp = 34.00°C | 93.20°F 
Humidity = 94.00% 

NH3: 274
CO2: 35
CO: 67
H2S: 300
Soil: 2%
Temp = 34.00°C | 93.20°F 
Humidity = 94.00% 

NH3: 275
CO2: 34
CO: 68
H2S: 302
Soil: 2%
Temp = 34.00°C | 93.20°F 
Humidity = 94.00% 

NH3: 277
CO2: 35
CO: 68
H2S: 303
Soil: 2%
Temp = 34.00°C | 93.20°F 
Humidity = 94.00% 

NH3: 279
CO2: 35
CO: 68
H2S: 305
Soil: 2%
Temp = 34.00°C | 93.20°F 
Humidity = 94.00% 

NH3: 277
CO2: 34
CO: 68
H2S: 306
Soil: 2%
Temp = 34.00°C | 93.20°F 
Humidity = 94.00% 

NH3: 275
CO2: 34
CO: 66
H2S: 299
Soil: 2%
Temp = 34.00°C | 93.20°F 
Humidity = 94.00% 

NH3: 273
CO2: 34
CO: 65
H2S: 298
Soil: 2%
Temp = 34.00°C | 93.20°F 
Humidity = 93.00% 

NH3: 268
CO2: 34
CO: 64
H2S: 294
Soil: 2%
Temp = 34.00°C | 93.20°F 
Humidity = 93.00% 

NH3: 263
CO2: 34
CO: 64
H2S: 292
Soil: 2%
Temp = 34.00°C | 93.20°F 
Humidity = 93.00% 

NH3: 262
CO2: 34
CO: 64
H2S: 290
Soil: 2%
Temp = 34.00°C | 93.20°F 
Humidity = 92.00% 

NH3: 263
CO2: 34
CO: 65
H2S: 292
Soil: 2%
Temp = 34.00°C | 93.20°F 
Humidity = 92.00% 

NH3: 264
CO2: 34
CO: 64
H2S: 290
Soil: 2%
Temp = 34.00°C | 93.20°F 
Humidity = 92.00% 

NH3: 263
CO2: 34
CO: 64
H2S: 288
Soil: 2%
Temp = 34.00°C | 93.20°F 
Humidity = 92.00% 

NH3: 264
CO2: 34
CO: 64
H2S: 289
Soil: 2%
Temp = 34.00°C | 93.20°F 
Humidity = 92.00% 

NH3: 265
CO2: 34
CO: 65
H2S: 290
Soil: 2%
Temp = 34.00°C | 93.20°F 
Humidity = 92.00% 

NH3: 263
CO2: 34
CO: 65
H2S: 288
Soil: 2%
Temp = 34.00°C | 93.20°F 
Humidity = 92.00% 

NH3: 263
CO2: 35
CO: 65
H2S: 289
Soil: 2%
Temp = 34.00°C | 93.20°F 
Humidity = 92.00% 

NH3: 263
CO2: 35
CO: 65
H2S: 290
Soil: 2%
Temp = 34.00°C | 93.20°F 
Humidity = 92.00% 

NH3: 263
CO2: 35
CO: 65
H2S: 288
Soil: 2%
Temp = 34.00°C | 93.20°F 
Humidity = 92.00% 

NH3: 261
CO2: 34
CO: 64
H2S: 286
Soil: 2%
Temp = 34.00°C | 93.20°F 
Humidity = 92.00% 

NH3: 261
CO2: 34
CO: 64
H2S: 287
Soil: 2%
Temp = 34.00°C | 93.20°F 
Humidity = 92.00% 

NH3: 261
CO2: 34
CO: 64
H2S: 287
Soil: 2%
Temp = 34.00°C | 93.20°F 
Humidity = 92.00% 

NH3: 261
CO2: 34
CO: 64
H2S: 286
Soil: 2%
Temp = 34.00°C | 93.20°F 
Humidity = 92.00% 

NH3: 261
CO2: 34
CO: 65
H2S: 285
Soil: 2%
Temp = 34.00°C | 93.20°F 
Humidity = 92.00% 

NH3: 262
CO2: 35
CO: 65
H2S: 285
Soil: 2%
Temp = 34.00°C | 93.20°F 
Humidity = 92.00% 

NH3: 263
CO2: 34
CO: 66
H2S: 290
Soil: 2%
Temp = 34.00°C | 93.20°F 
Humidity = 91.00% 

3: 266
3:CO2: 34
CO: 67
H2S: 294
Soil: 2%
Temp = 34.00°C | 93.20°F 
Humidity = 92.00% 

NH3: 272
CO2: 35
CO: 67
H2S: 296
Soil: 2%
Temp = 34.00°C | 93.20°F 
Humidity = 92.00% 

NH3: 275
CO2: 35
CO: 66
H2S: 298
Soil: 2%
Temp = 34.00°C | 93.20°F 
Humidity = 93.00% 

NH3: 276
CO2: 34
CO: 66
H2S: 299
Soil: 2%
Temp = 34.00°C | 93.20°F 
Humidity = 93.00% 

NH3: 277
CO2: 34
CO: 66
H2S: 300
Soil: 2%
Temp = 34.00°C | 93.20°F 
Humidity = 93.00% 

NH3: 278
CO2: 34
CO: 66
H2S: 300
Soil: 2%
Temp = 34.00°C | 93.20°F 
Humidity = 93.00% 

NH3: 281
CO2: 34
CO: 67
H2S: 304
Soil: 2%
Temp = 34.00°C | 93.20°F 
Humidity = 93.00% 

NH3: 283
CO2: 35
CO: 66
H2S: 303
Soil: 2%
Temp = 34.00°C | 93.20°F 
Humidity = 94.00% 

NH3: 283
CO2: 34
CO: 66
H2S: 303
Soil: 2%
Temp = 34.00°C | 93.20°F 
Humidity = 94.00% 

NH3: 280
CO2: 35
CO: 66
H2S: 301
Soil: 2%
Temp = 34.00°C | 93.20°F 
Humidity = 94.00% 

NH3: 279
CO2: 34
CO: 66
H2S: 299
Soil: 2%
Temp = 34.00°C | 93.20°F 
Humidity = 93.00% 

NH3: 277
CO2: 34
CO: 65
H2S: 297
Soil: 2%
Temp = 34.00°C | 93.20°F 
Humidity = 93.00% 

NH3: 274
CO2: 35
CO: 64
H2S: 291
Soil: 2%
Temp = 34.00°C | 93.20°F 
Humidity = 92.00% 

NH3: 270
CO2: 34
CO: 64
H2S: 287
Soil: 2%
Temp = 34.00°C | 93.20°F 
Humidity = 92.00% 

NH3: 268
CO2: 34
CO: 64
H2S: 286
Soil: 2%
Temp = 34.00°C | 93.20°F 
Humidity = 92.00% 

NH3: 265
CO2: 35
CO: 65
H2S: 293
Soil: 2%
Temp = 34.00°C | 93.20°F 
Humidity = 92.00% 

NH3: 267
CO2: 34
CO: 65
H2S: 296
Soil: 2%
Temp = 34.00°C | 93.20°F 
Humidity = 92.00% 

NH3: 268
CO2: 34
CO: 65
H2S: 294
Soil: 2%
Temp = 34.00°C | 93.20°F 
Humidity = 92.00% 

NH3: 266
CO2: 34
CO: 65
H2S: 292
Soil: 2%
Temp = 34.00°C | 93.20°F 
Humidity = 92.00% 

NH3: 265
CO2: 35
CO: 64
H2S: 288
Soil: 2%
Temp = 34.00°C | 93.20°F 
Humidity = 92.00% 

NH3: 263
CO2: 35
CO: 63
H2S: 284
Soil: 2%
Temp = 34.00°C | 93.20°F 
Humidity = 91.00% 

NH3: 261
CO2: 34
CO: 63
H2S: 282
Soil: 2%
Temp = 34.00°C | 93.20°F 
Humidity = 91.00% 

NH3: 259
CO2: 34
CO: 62
H2S: 281
Soil: 2%
Temp = 34.00°C | 93.20°F 
Humidity = 91.00% 

NH3: 258
CO2: 35
CO: 63
H2S: 279
Soil: 2%
Temp = 34.00°C | 93.20°F 
Humidity = 91.00% 

NH3: 255
CO2: 34
CO: 63
H2S: 277
Soil: 2%
Temp = 34.00°C | 93.20°F 
Humidity = 90.00% 

NH3: 257
CO2: 34
CO: 63
H2S: 276
Soil: 2%
Temp = 34.00°C | 93.20°F 
Humidity = 90.00% 

NH3: 257
CO2: 35
CO: 62
H2S: 276
Soil: 2%
Temp = 34.00°C | 93.20°F 
Humidity = 90.00% 

NH3: 260
CO2: 34
CO: 64
H2S: 281
Soil: 2%
Temp = 34.00°C | 93.20°F 
Humidity = 90.00% 

NH3: 263
CO2: 34
CO: 64
H2S: 285
Soil: 2%
Temp = 34.00°C | 93.20°F 
Humidity = 91.00% 

NH3: 264
CO2: 34
CO: 64
H2S: 285
Soil: 2%
Temp = 34.00°C | 93.20°F 
Humidity = 91.00% 

NH3: 266
CO2: 34
CO: 65
H2S: 285
Soil: 2%
Temp = 34.00°C | 93.20°F 
Humidity = 91.00% 

NH3: 267
CO2: 34
CO: 65
H2S: 284
Soil: 2%
Temp = 34.00°C | 93.20°F 
Humidity = 91.00% 

NH3: 266
CO2: 34
CO: 64
H2S: 286
Soil: 2%
Temp = 34.00°C | 93.20°F 
Humidity = 91.00% 

NH3: 265
CO2: 35
CO: 64
H2S: 281
Soil: 2%
Temp = 34.00°C | 93.20°F 
Humidity = 91.00% 

NH3: 263
CO2: 35
CO: 63
H2S: 278
Soil: 2%
Temp = 34.00°C | 93.20°F 
Humidity = 91.00% 

NH3: 259
CO2: 35
CO: 62
H2S: 275
Soil: 2%
Temp = 34.00°C | 93.20°F 
Humidity = 90.00% 

NH3: 256
CO2: 34
CO: 62
H2S: 274
Soil: 2%
Temp = 34.00°C | 93.20°F 
Humidity = 90.00% 

NH3: 256
CO2: 35
CO: 62
H2S: 273
Soil: 2%
Temp = 34.00°C | 93.20°F 
Humidity = 90.00% 

NH3: 256
CO2: 35
CO: 62
H2S: 273
Soil: 2%
Temp = 34.00°C | 93.20°F 
Humidity = 90.00% 

NH3: 257
CO2: 35
CO: 63
H2S: 273
Soil: 2%
Temp = 34.00°C | 93.20°F 
Humidity = 90.00% 

NH3: 257
CO2: 35
CO: 62
H2S: 272
Soil: 2%
Temp = 34.00°C | 93.20°F 
Humidity = 90.00% 

NH3: 255
CO2: 35
CO: 62
H2S: 270
Soil: 2%
Temp = 34.00°C | 93.20°F 
Humidity = 90.00% 

NH3: 253
CO2: 34
CO: 62
H2S: 269
Soil: 2%
Temp = 34.00°C | 93.20°F 
Humidity = 90.00% 

NH3: 253
CO2: 35
CO: 62
H2S: 269
Soil: 2%
Temp = 34.00°C | 93.20°F 
Humidity = 90.00% 

NH3: 252
CO2: 34
CO: 62
H2S: 269
Soil: 2%
Temp = 34.00°C | 93.20°F 
Humidity = 90.00% 

NH3: 255
CO2: 34
CO: 62
H2S: 269
Soil: 2%
Temp = 34.00°C | 93.20°F 
Humidity = 90.00% 

: 259
: 2CO2: 35
CO: 63
H2S: 270
Soil: 2%
Temp = 34.00°C | 93.20°F 
Humidity = 90.00% 

NH3: 261
CO2: 35
CO: 63
H2S: 271
Soil: 2%
Temp = 34.00°C | 93.20°F 
Humidity = 90.00% 

NH3: 258
CO2: 35
CO: 62
H2S: 268
Soil: 2%
Temp = 34.00°C | 93.20°F 
Humidity = 90.00% 

NH3: 256
CO2: 34
CO: 62
H2S: 266
Soil: 2%
Temp = 34.00°C | 93.20°F 
Humidity = 90.00% 

NH3: 254
CO2: 35
CO: 62
H2S: 267
Soil: 2%
Temp = 34.00°C | 93.20°F 
Humidity = 90.00% 

 254
 254CO2: 35
CO: 62
H2S: 266
Soil: 2%
Temp = 34.00°C | 93.20°F 
Humidity = 90.00% 

NH3: 255
CO2: 35
CO: 62
H2S: 264
Soil: 2%
Temp = 34.00°C | 93.20°F 
Humidity = 90.00% 

: 253
: 2CO2: 34
CO: 62
H2S: 263
Soil: 2%
Temp = 34.00°C | 93.20°F 
Humidity = 89.00% 

NH3: 251
CO2: 35
CO: 62
H2S: 265
Soil: 2%
Temp = 34.00°C | 93.20°F 
Humidity = 90.00% 

NH3: 251
CO2: 35
CO: 62
H2S: 266
Soil: 2%
Temp = 34.00°C | 93.20°F 
Humidity = 90.00% 

NH3: 250
CO2: 34
CO: 62
H2S: 264
Soil: 2%
Temp = 34.00°C | 93.20°F 
Humidity = 90.00% 

8
8
: 24CO2: 35
CO: 61
H2S: 261
Soil: 2%
Temp = 34.00°C | 93.20°F 
Humidity = 89.00% 

NH3: 247
CO2: 34
CO: 61
H2S: 258
Soil: 2%
Temp = 34.00°C | 93.20°F 
Humidity = 89.00% 

NH3: 244
CO2: 35
CO: 61
H2S: 256
Soil: 2%
Temp = 34.00°C | 93.20°F 
Humidity = 89.00% 

NH3: 243
CO2: 34
CO: 61
H2S: 256
Soil: 2%
Temp = 34.00°C | 93.20°F 
Humidity = 89.00% 

NH3: 241
CO2: 35
CO: 60
H2S: 253
Soil: 2%
Temp = 34.00°C | 93.20°F 
Humidity = 89.00% 

NH3: 240
CO2: 35
CO: 60
H2S: 252
Soil: 2%
Temp = 34.00°C | 93.20°F 
Humidity = 89.00% 

NH3: 241
CO2: 35
CO: 60
H2S: 251
Soil: 2%
Temp = 34.00°C | 93.20°F 
Humidity = 89.00% 

NH3: 243
CO2: 34
CO: 61
H2S: 253
Soil: 2%
Temp = 34.00°C | 93.20°F 
Humidity = 89.00% 

NH3: 245
CO2: 35
CO: 61
H2S: 254
Soil: 2%
Temp = 34.00°C | 93.20°F 
Humidity = 89.00% 

NH3: 244
CO2: 35
CO: 61
H2S: 253
Soil: 2%
Temp = 34.00°C | 93.20°F 
Humidity = 89.00% 

NH3: 243
CO2: 34
CO: 60
H2S: 252
Soil: 2%
Temp = 34.00°C | 93.20°F 
Humidity = 89.00% 

NH3: 240
CO2: 34
CO: 60
H2S: 251
Soil: 2%
Temp = 34.00°C | 93.20°F 
Humidity = 89.00% 

NH3: 240
CO2: 34
CO: 60
H2S: 250
Soil: 2%
Temp = 34.00°C | 93.20°F 
Humidity = 89.00% 

NH3: 240
CO2: 35
CO: 60
H2S: 249
Soil: 2%
Temp = 34.00°C | 93.20°F 
Humidity = 89.00% 

NH3: 240
CO2: 34
CO: 60
H2S: 249
Soil: 2%
Temp = 34.00°C | 93.20°F 
Humidity = 89.00% 

NH3: 238
CO2: 35
CO: 60
H2S: 248
Soil: 2%
Temp = 34.00°C | 93.20°F 
Humidity = 89.00% 

NH3: 236
CO2: 34
CO: 60
H2S: 245
Soil: 2%
Temp = 34.00°C | 93.20°F 
Humidity = 88.00% 

NH3: 233
CO2: 34
CO: 59
H2S: 243
Soil: 2%
Temp = 34.00°C | 93.20°F 
Humidity = 88.00% 

NH3: 230
CO2: 35
CO: 58
H2S: 241
Soil: 2%
Temp = 34.00°C | 93.20°F 
Humidity = 88.00% 

NH3: 231
CO2: 34
CO: 60
H2S: 245
Soil: 2%
Temp = 34.00°C | 93.20°F 
Humidity = 88.00% 

NH3: 232
CO2: 34
CO: 59
H2S: 245
Soil: 2%
Temp = 34.00°C | 93.20°F 
Humidity = 88.00% 

NH3: 232
CO2: 34
CO: 59
H2S: 244
Soil: 2%
Temp = 34.00°C | 93.20°F 
Humidity = 88.00% 

NH3: 232
CO2: 34
CO: 60
H2S: 243
Soil: 2%
Temp = 34.00°C | 93.20°F 
Humidity = 88.00% 

NH3: 232
CO2: 35
CO: 59
H2S: 242
Soil: 2%
Temp = 34.00°C | 93.20°F 
Humidity = 88.00% 

NH3: 231
CO2: 34
CO: 59
H2S: 240
Soil: 2%
Temp = 34.00°C | 93.20°F 
Humidity = 88.00% 

NH3: 229
CO2: 34
CO: 59
H2S: 239
Soil: 2%
Temp = 34.00°C | 93.20°F 
Humidity = 88.00% 

NH3: 227
CO2: 34
CO: 59
H2S: 238
Soil: 2%
Temp = 34.00°C | 93.20°F 
Humidity = 87.00% 

NH3: 227
CO2: 34
CO: 59
H2S: 240
Soil: 2%
Temp = 34.00°C | 93.20°F 
Humidity = 88.00% 

NH3: 228
CO2: 34
CO: 59
H2S: 240
Soil: 2%
Temp = 34.00°C | 93.20°F 
Humidity = 88.00% 

NH3: 228
CO2: 35
CO: 59
H2S: 240
Soil: 2%
Temp = 34.00°C | 93.20°F 
Humidity = 88.00% 

NH3: 225
CO2: 34
CO: 58
H2S: 238
Soil: 2%
Temp = 34.00°C | 93.20°F 
Humidity = 88.00% 

NH3: 223
CO2: 35
CO: 58
H2S: 235
Soil: 2%
Temp = 34.00°C | 93.20°F 
Humidity = 87.00% 

NH3: 221
CO2: 34
CO: 58
H2S: 233
Soil: 2%
Temp = 34.00°C | 93.20°F 
Humidity = 87.00% 

NH3: 220
CO2: 34
CO: 57
H2S: 231
Soil: 2%
Temp = 34.00°C | 93.20°F 
Humidity = 87.00% 

NH3: 221
CO2: 35
CO: 58
H2S: 231
Soil: 2%
Temp = 34.00°C | 93.20°F 
Humidity = 87.00% 

NH3: 223
CO2: 35
CO: 58
H2S: 232
Soil: 2%
Temp = 34.00°C | 93.20°F 
Humidity = 87.00% 

NH3: 223
CO2: 35
CO: 58
H2S: 231
Soil: 2%
Temp = 34.00°C | 93.20°F 
Humidity = 87.00% 

NH3: 222
CO2: 34
CO: 57
H2S: 231
Soil: 2%
Temp = 34.00°C | 93.20°F 
Humidity = 87.00% 

NH3: 221
CO2: 34
CO: 57
H2S: 229
Soil: 2%
Temp = 34.00°C | 93.20°F 
Humidity = 87.00% 

NH3: 221
CO2: 34
CO: 58
H2S: 234
Soil: 2%
Temp = 34.00°C | 93.20°F 
Humidity = 87.00% 

NH3: 223
CO2: 34
CO: 58
H2S: 232
Soil: 2%
Temp = 34.00°C | 93.20°F 
Humidity = 87.00% 

NH3: 222
CO2: 34
CO: 58
H2S: 231
Soil: 2%
Temp = 34.00°C | 93.20°F 
Humidity = 87.00% 

NH3: 221
CO2: 34
CO: 57
H2S: 228
Soil: 2%
Temp = 34.00°C | 93.20°F 
Humidity = 87.00% 

NH3: 219
CO2: 34
CO: 57
H2S: 226
Soil: 2%
Temp = 34.00°C | 93.20°F 
Humidity = 87.00% 

NH3: 220
CO2: 34
CO: 57
H2S: 225
Soil: 2%
Temp = 34.00°C | 93.20°F 
Humidity = 87.00% 

NH3: 221
CO2: 34
CO: 57
H2S: 223
Soil: 2%
Temp = 34.00°C | 93.20°F 
Humidity = 87.00% 

NH3: 221
CO2: 35
CO: 58
H2S: 224
Soil: 2%
Temp = 34.00°C | 93.20°F 
Humidity = 87.00% 

NH3: 223
CO2: 34
CO: 57
H2S: 224
Soil: 2%
Temp = 34.00°C | 93.20°F 
Humidity = 87.00% 

NH3: 223
CO2: 34
CO: 58
H2S: 227
Soil: 2%
Temp = 34.00°C | 93.20°F 
Humidity = 87.00% 

NH3: 225
CO2: 35
CO: 59
H2S: 228
Soil: 2%
Temp = 34.00°C | 93.20°F 
Humidity = 87.00% 

NH3: 225
CO2: 34
CO: 59
H2S: 232
Soil: 2%
Temp = 34.00°C | 93.20°F 
Humidity = 88.00% 

NH3: 228
CO2: 35
CO: 60
H2S: 234
Soil: 2%
Temp = 34.00°C | 93.20°F 
Humidity = 88.00% 

NH3: 229
CO2: 35
CO: 59
H2S: 234
Soil: 2%
Temp = 34.00°C | 93.20°F 
Humidity = 88.00% 

NH3: 229
CO2: 34
CO: 59
H2S: 235
Soil: 2%
Temp = 34.00°C | 93.20°F 
Humidity = 88.00% 

NH3: 229
CO2: 35
CO: 58
H2S: 234
Soil: 2%
Temp = 34.00°C | 93.20°F 
Humidity = 88.00% 

NH3: 229
CO2: 34
CO: 59
H2S: 233
Soil: 2%
Temp = 34.00°C | 93.20°F 
Humidity = 88.00% 

NH3: 228
CO2: 35
CO: 58
H2S: 231
Soil: 2%
Temp = 34.00°C | 93.20°F 
Humidity = 88.00% 

NH3: 227
CO2: 34
CO: 59
H2S: 231
Soil: 2%
Temp = 34.00°C | 93.20°F 
Humidity = 88.00% 

NH3: 226
CO2: 34
CO: 58
H2S: 233
Soil: 2%
Temp = 34.00°C | 93.20°F 
Humidity = 88.00% 

26
26
 2CO2: 35
CO: 58
H2S: 232
Soil: 2%
Temp = 34.00°C | 93.20°F 
Humidity = 88.00% 

NH3: 224
CO2: 34
CO: 58
H2S: 230
Soil: 2%
Temp = 34.00°C | 93.20°F 
Humidity = 88.00% 

NH3: 224
CO2: 34
CO: 58
H2S: 231
Soil: 2%
Temp = 34.00°C | 93.20°F 
Humidity = 88.00% 

NH3: 225
CO2: 35
CO: 58
H2S: 230
Soil: 2%
Temp = 34.00°C | 93.20°F 
Humidity = 88.00% 

NH3: 227
CO2: 34
CO: 58
H2S: 233
Soil: 2%
Temp = 34.00°C | 93.20°F 
Humidity = 88.00% 

NH3: 226
CO2: 34
CO: 58
H2S: 231
Soil: 2%
Temp = 34.00°C | 93.20°F 
Humidity = 88.00% 

NH3: 225
CO2: 34
CO: 58
H2S: 229
Soil: 2%
Temp = 34.00°C | 93.20°F 
Humidity = 88.00% 

NH3: 225
CO2: 35
CO: 58
H2S: 229
Soil: 2%
Temp = 34.00°C | 93.20°F 
Humidity = 88.00% 

NH3: 225
CO2: 34
CO: 58
H2S: 229
Soil: 2%
Temp = 34.00°C | 93.20°F 
Humidity = 88.00% 

NH3: 225
CO2: 34
CO: 58
H2S: 229
Soil: 2%
Temp = 34.00°C | 93.20°F 
Humidity = 88.00% 

NH3: 226
CO2: 34
CO: 59
H2S: 234
Soil: 2%
Temp = 34.00°C | 93.20°F 
Humidity = 88.00% 

NH3: 227
CO2: 34
CO: 59
H2S: 235
Soil: 2%
Temp = 34.00°C | 93.20°F 
Humidity = 88.00% 

NH3: 227
CO2: 35
CO: 58
H2S: 232
Soil: 2%
Temp = 34.00°C | 93.20°F 
Humidity = 88.00% 

NH3: 226
CO2: 34
CO: 58
H2S: 230
Soil: 2%
Temp = 34.00°C | 93.20°F 
Humidity = 88.00% 

NH3: 227
CO2: 34
CO: 58
H2S: 230
Soil: 2%
Temp = 34.00°C | 93.20°F 
Humidity = 88.00% 

NH3: 228
CO2: 34
CO: 58
H2S: 233
Soil: 2%
Temp = 34.00°C | 93.20°F 
Humidity = 88.00% 

NH3: 230
CO2: 34
CO: 58
H2S: 235
Soil: 2%
Temp = 34.00°C | 93.20°F 
Humidity = 89.00% 

231
231
CO2: 35
CO: 59
H2S: 235
Soil: 2%
Temp = 34.00°C | 93.20°F 
Humidity = 89.00% 

NH3: 228
CO2: 34
CO: 58
H2S: 234
Soil: 2%
Temp = 34.00°C | 93.20°F 
Humidity = 88.00% 

NH3: 226
CO2: 35
CO: 58
H2S: 233
Soil: 2%
Temp = 34.00°C | 93.20°F 
Humidity = 88.00% 

NH3: 225
CO2: 35
CO: 58
H2S: 232
Soil: 2%
Temp = 34.00°C | 93.20°F 
Humidity = 88.00% 

NH3: 225
CO2: 34
CO: 57
H2S: 231
Soil: 2%
Temp = 34.00°C | 93.20°F 
Humidity = 88.00% 

NH3: 225
CO2: 34
CO: 57
H2S: 229
Soil: 2%
Temp = 34.00°C | 93.20°F 
Humidity = 88.00% 

NH3: 224
CO2: 35
CO: 57
H2S: 231
Soil: 2%
Temp = 34.00°C | 93.20°F 
Humidity = 88.00% 

NH3: 225
CO2: 34
CO: 58
H2S: 231
Soil: 2%
Temp = 34.00°C | 93.20°F 
Humidity = 88.00% 

NH3: 225
CO2: 34
CO: 58
H2S: 233
Soil: 2%
Temp = 34.00°C | 93.20°F 
Humidity = 88.00% 



H3: 227CO2: 34
CO: 58
H2S: 232
Soil: 2%
Temp = 34.00°C | 93.20°F 
Humidity = 88.00% 

NH3: 226
CO2: 34
CO: 57
H2S: 231
Soil: 2%
Temp = 34.00°C | 93.20°F 
Humidity = 88.00% 

NH3: 224
CO2: 34
CO: 57
H2S: 229
Soil: 2%
Temp = 34.00°C | 93.20°F 
Humidity = 88.00% 

NH3: 222
CO2: 34
CO: 57
H2S: 228
Soil: 2%
Temp = 34.00°C | 93.20°F 
Humidity = 88.00% 

NH3: 223
CO2: 35
CO: 58
H2S: 231
Soil: 2%
Temp = 34.00°C | 93.20°F 
Humidity = 88.00% 

NH3: 224
CO2: 34
CO: 58
H2S: 233
Soil: 2%
Temp = 34.00°C | 93.20°F 
Humidity = 89.00% 

NH3: 224
CO2: 35
CO: 58
H2S: 232
Soil: 2%
Temp = 34.00°C | 93.20°F 
Humidity = 89.00% 

NH3: 225
CO2: 34
CO: 58
H2S: 234
Soil: 2%
Temp = 34.00°C | 93.20°F 
Humidity = 89.00% 

NH3: 227
CO2: 34
CO: 58
H2S: 233
Soil: 2%
Temp = 34.00°C | 93.20°F 
Humidity = 89.00% 

NH3: 227
CO2: 34
CO: 58
H2S: 233
Soil: 2%
Temp = 34.00°C | 93.20°F 
Humidity = 89.00% 

NH3: 227
CO2: 34
CO: 58
H2S: 231
Soil: 2%
Temp = 34.00°C | 93.20°F 
Humidity = 89.00% 

NH3: 224
CO2: 34
CO: 57
H2S: 227
Soil: 2%
Temp = 34.00°C | 93.20°F 
Humidity = 88.00% 

NH3: 223
CO2: 34
CO: 56
H2S: 225
Soil: 2%
Temp = 34.00°C | 93.20°F 
Humidity = 88.00% 

NH3: 224
CO2: 34
CO: 57
H2S: 224
Soil: 2%
Temp = 34.00°C | 93.20°F 
Humidity = 88.00% 

NH3: 222
CO2: 34
CO: 56
H2S: 222
Soil: 2%
Temp = 34.00°C | 93.20°F 
Humidity = 88.00% 

NH3: 220
CO2: 35
CO: 55
H2S: 222
Soil: 2%
Temp = 34.00°C | 93.20°F 
Humidity = 88.00% 

NH3: 219
CO2: 35
CO: 56
H2S: 224
Soil: 2%
Temp = 34.00°C | 93.20°F 
Humidity = 88.00% 

NH3: 219
CO2: 34
CO: 56
H2S: 223
Soil: 2%
Temp = 34.00°C | 93.20°F 
Humidity = 88.00% 

NH3: 218
CO2: 34
CO: 56
H2S: 222
Soil: 2%
Temp = 34.00°C | 93.20°F 
Humidity = 88.00% 

NH3: 216
CO2: 35
CO: 55
H2S: 220
Soil: 2%
Temp = 34.00°C | 93.20°F 
Humidity = 87.00% 

NH3: 218
CO2: 34
CO: 56
H2S: 224
Soil: 2%
Temp = 34.00°C | 93.20°F 
Humidity = 88.00% 

NH3: 221
CO2: 34
CO: 58
H2S: 230
Soil: 2%
Temp = 34.00°C | 93.20°F 
Humidity = 88.00% 

NH3: 224
CO2: 34
CO: 58
H2S: 235
Soil: 2%
Temp = 34.00°C | 93.20°F 
Humidity = 89.00% 

NH3: 227
CO2: 34
CO: 58
H2S: 236
Soil: 2%
Temp = 34.00°C | 93.20°F 
Humidity = 89.00% 

NH3: 227
CO2: 35
CO: 58
H2S: 234
Soil: 2%
Temp = 34.00°C | 93.20°F 
Humidity = 89.00% 

NH3: 226
CO2: 35
CO: 58
H2S: 232
Soil: 2%
Temp = 34.00°C | 93.20°F 
Humidity = 89.00% 

NH3: 227
CO2: 34
CO: 57
H2S: 232
Soil: 2%
Temp = 34.00°C | 93.20°F 
Humidity = 89.00% 

NH3: 229
CO2: 34
CO: 58
H2S: 233
Soil: 2%
Temp = 34.00°C | 93.20°F 
Humidity = 89.00% 

NH3: 231
CO2: 34
CO: 58
H2S: 234
Soil: 2%
Temp = 34.00°C | 93.20°F 
Humidity = 89.00% 

NH3: 233
CO2: 35
CO: 59
H2S: 240
Soil: 2%
Temp = 34.00°C | 93.20°F 
Humidity = 89.00% 

236
236
CO2: 34
CO: 60
H2S: 243
Soil: 2%
Temp = 34.00°C | 93.20°F 
Humidity = 90.00% 

NH3: 236
CO2: 34
CO: 59
H2S: 244
Soil: 2%
Temp = 34.00°C | 93.20°F 
Humidity = 90.00% 

NH3: 236
CO2: 34
CO: 59
H2S: 243
Soil: 2%
Temp = 34.00°C | 93.20°F 
Humidity = 90.00% 

NH3: 236
CO2: 34
CO: 59
H2S: 246
Soil: 2%
Temp = 34.00°C | 93.20°F 
Humidity = 90.00% 

NH3: 236
CO2: 34
CO: 59
H2S: 245
Soil: 2%
Temp = 34.00°C | 93.20°F 
Humidity = 89.00% 

NH3: 235
CO2: 34
CO: 58
H2S: 241
Soil: 2%
Temp = 34.00°C | 93.20°F 
Humidity = 89.00% 

NH3: 233
CO2: 34
CO: 58
H2S: 239
Soil: 2%
Temp = 34.00°C | 93.20°F 
Humidity = 89.00% 

NH3: 229
CO2: 34
CO: 57
H2S: 235
Soil: 2%
Temp = 34.00°C | 93.20°F 
Humidity = 89.00% 

NH3: 226
CO2: 34
CO: 57
H2S: 232
Soil: 2%
Temp = 34.00°C | 93.20°F 
Humidity = 88.00% 

NH3: 223
CO2: 34
CO: 57
H2S: 231
Soil: 2%
Temp = 34.00°C | 93.20°F 
Humidity = 88.00% 

NH3: 223
CO2: 34
CO: 57
H2S: 233
Soil: 2%
Temp = 34.00°C | 93.20°F 
Humidity = 88.00% 

NH3: 224
CO2: 34
CO: 58
H2S: 235
Soil: 2%
Temp = 34.00°C | 93.20°F 
Humidity = 88.00% 

NH3: 225
CO2: 35
CO: 57
H2S: 232
Soil: 2%
Temp = 34.00°C | 93.20°F 
Humidity = 88.00% 

NH3: 222
CO2: 35
CO: 57
H2S: 228
Soil: 2%
Temp = 34.00°C | 93.20°F 
Humidity = 88.00% 

NH3: 222
CO2: 34
CO: 56
H2S: 228
Soil: 2%
Temp = 34.00°C | 93.20°F 
Humidity = 88.00% 

NH3: 223
CO2: 34
CO: 57
H2S: 228
Soil: 2%
Temp = 34.00°C | 93.20°F 
Humidity = 88.00% 

NH3: 223
CO2: 34
CO: 57
H2S: 231
Soil: 2%
Temp = 34.00°C | 93.20°F 
Humidity = 88.00% 

NH3: 225
CO2: 34
CO: 57
H2S: 232
Soil: 2%
Temp = 34.00°C | 93.20°F 
Humidity = 88.00% 

NH3: 225
CO2: 35
CO: 58
H2S: 234
Soil: 2%
Temp = 34.00°C | 93.20°F 
Humidity = 88.00% 

NH3: 226
CO2: 34
CO: 58
H2S: 235
Soil: 2%
Temp = 34.00°C | 93.20°F 
Humidity = 88.00% 

NH3: 228
CO2: 34
CO: 59
H2S: 240
Soil: 2%
Temp = 34.00°C | 93.20°F 
Humidity = 88.00% 

NH3: 228
CO2: 35
CO: 59
H2S: 241
Soil: 2%
Temp = 34.00°C | 93.20°F 
Humidity = 88.00% 

NH3: 231
CO2: 34
CO: 59
H2S: 240
Soil: 2%
Temp = 34.00°C | 93.20°F 
Humidity = 88.00% 

NH3: 233
CO2: 34
CO: 59
H2S: 240
Soil: 2%
Temp = 34.00°C | 93.20°F 
Humidity = 88.00% 

NH3: 235
CO2: 34
CO: 60
H2S: 243
Soil: 2%
Temp = 34.00°C | 93.20°F 
Humidity = 89.00% 

NH3: 239
CO2: 34
CO: 59
H2S: 245
Soil: 2%
Temp = 34.00°C | 93.20°F 
Humidity = 89.00% 

NH3: 238
CO2: 34
CO: 59
H2S: 245
Soil: 2%
Temp = 34.00°C | 93.20°F 
Humidity = 89.00% 

NH3: 241
CO2: 34
CO: 60
H2S: 249
Soil: 2%
Temp = 34.00°C | 93.20°F 
Humidity = 89.00% 

NH3: 242
CO2: 34
CO: 61
H2S: 255
Soil: 2%
Temp = 34.00°C | 93.20°F 
Humidity = 89.00% 

NH3: 242
CO2: 35
CO: 61
H2S: 257
Soil: 2%
Temp = 34.00°C | 93.20°F 
Humidity = 89.00% 

NH3: 243
CO2: 35
CO: 61
H2S: 262
Soil: 2%
Temp = 34.00°C | 93.20°F 
Humidity = 89.00% 

NH3: 247
CO2: 35
CO: 61
H2S: 264
Soil: 2%
Temp = 34.00°C | 93.20°F 
Humidity = 90.00% 

NH3: 250
CO2: 35
CO: 61
H2S: 265
Soil: 2%
Temp = 34.00°C | 93.20°F 
Humidity = 90.00% 

NH3: 251
CO2: 34
CO: 62
H2S: 265
Soil: 2%
Temp = 34.00°C | 93.20°F 
Humidity = 90.00% 

NH3: 253
CO2: 34
CO: 61
H2S: 266
Soil: 2%
Temp = 34.00°C | 93.20°F 
Humidity = 90.00% 

NH3: 252
CO2: 35
CO: 61
H2S: 265
Soil: 2%
Temp = 34.00°C | 93.20°F 
Humidity = 90.00% 

NH3: 248
CO2: 34
CO: 60
H2S: 264
Soil: 2%
Temp = 34.00°C | 93.20°F 
Humidity = 89.00% 

NH3: 245
CO2: 34
CO: 60
H2S: 265
Soil: 2%
Temp = 34.00°C | 93.20°F 
Humidity = 89.00% 

NH3: 245
CO2: 34
CO: 61
H2S: 265
Soil: 2%
Temp = 34.00°C | 93.20°F 
Humidity = 90.00% 

NH3: 248
CO2: 34
CO: 61
H2S: 270
Soil: 2%
Temp = 34.00°C | 93.20°F 
Humidity = 90.00% 

NH3: 251
CO2: 34
CO: 61
H2S: 271
Soil: 2%
Temp = 34.00°C | 93.20°F 
Humidity = 90.00% 

NH3: 249
CO2: 34
CO: 60
H2S: 268
Soil: 2%
Temp = 34.00°C | 93.20°F 
Humidity = 90.00% 

NH3: 249
CO2: 35
CO: 61
H2S: 266
Soil: 2%
Temp = 34.00°C | 93.20°F 
Humidity = 90.00% 

NH3: 249
CO2: 34
CO: 60
H2S: 263
Soil: 2%
Temp = 34.00°C | 93.20°F 
Humidity = 89.00% 

NH3: 248
CO2: 34
CO: 59
H2S: 259
Soil: 2%
Temp = 34.00°C | 93.20°F 
Humidity = 89.00% 

NH3: 247
CO2: 34
CO: 59
H2S: 258
Soil: 2%
Temp = 34.00°C | 93.20°F 
Humidity = 89.00% 

NH3: 247
CO2: 34
CO: 59
H2S: 259
Soil: 2%
Temp = 34.00°C | 93.20°F 
Humidity = 89.00% 

NH3: 247
CO2: 35
CO: 58
H2S: 257
Soil: 2%
Temp = 34.00°C | 93.20°F 
Humidity = 89.00% 

NH3: 246
CO2: 34
CO: 59
H2S: 255
Soil: 2%
Temp = 34.00°C | 93.20°F 
Humidity = 89.00% 

NH3: 245
CO2: 34
CO: 60
H2S: 257
Soil: 2%
Temp = 34.00°C | 93.20°F 
Humidity = 89.00% 

NH3: 248
CO2: 34
CO: 60
H2S: 257
Soil: 2%
Temp = 34.00°C | 93.20°F 
Humidity = 89.00% 

NH3: 249
CO2: 34
CO: 60
H2S: 261
Soil: 2%
Temp = 34.00°C | 93.20°F 
Humidity = 89.00% 

NH3: 248
CO2: 34
CO: 59
H2S: 256
Soil: 2%
Temp = 34.00°C | 93.20°F 
Humidity = 89.00% 

NH3: 244
CO2: 34
CO: 59
H2S: 252
Soil: 2%
Temp = 34.00°C | 93.20°F 
Humidity = 89.00% 

NH3: 244
CO2: 34
CO: 59
H2S: 256
Soil: 2%
Temp = 34.00°C | 93.20°F 
Humidity = 89.00% 

NH3: 244
CO2: 34
CO: 59
H2S: 254
Soil: 2%
Temp = 34.00°C | 93.20°F 
Humidity = 89.00% 

NH3: 242
CO2: 35
CO: 58
H2S: 251
Soil: 2%
Temp = 34.00°C | 93.20°F 
Humidity = 89.00% 

NH3: 243
CO2: 34
CO: 59
H2S: 252
Soil: 2%
Temp = 34.00°C | 93.20°F 
Humidity = 89.00% 

NH3: 243
CO2: 34
CO: 58
H2S: 252
Soil: 2%
Temp = 34.00°C | 93.20°F 
Humidity = 89.00% 

NH3: 243
CO2: 34
CO: 59
H2S: 251
Soil: 2%
Temp = 34.00°C | 93.20°F 
Humidity = 89.00% 

NH3: 242
CO2: 35
CO: 59
H2S: 256
Soil: 2%
Temp = 34.00°C | 93.20°F 
Humidity = 89.00% 

NH3: 245
CO2: 34
CO: 59
H2S: 256
Soil: 2%
Temp = 34.00°C | 93.20°F 
Humidity = 89.00% 

NH3: 243
CO2: 34
CO: 59
H2S: 255
Soil: 2%
Temp = 34.00°C | 93.20°F 
Humidity = 89.00% 

NH3: 246
CO2: 34
CO: 59
H2S: 255
Soil: 2%
Temp = 34.00°C | 93.20°F 
Humidity = 89.00% 

NH3: 245
CO2: 34
CO: 59
H2S: 256
Soil: 2%
Temp = 34.00°C | 93.20°F 
Humidity = 89.00% 

NH3: 245
CO2: 34
CO: 60
H2S: 256
Soil: 2%
Temp = 34.00°C | 93.20°F 
Humidity = 89.00% 

NH3: 247
CO2: 35
CO: 60
H2S: 258
Soil: 2%
Temp = 34.00°C | 93.20°F 
Humidity = 89.00% 

NH3: 249
CO2: 34
CO: 62
H2S: 265
Soil: 2%
Temp = 34.00°C | 93.20°F 
Humidity = 90.00% 

NH3: 253
CO2: 34
CO: 62
H2S: 269
Soil: 2%
Temp = 34.00°C | 93.20°F 
Humidity = 90.00% 

NH3: 257
CO2: 34
CO: 62
H2S: 269
Soil: 2%
Temp = 34.00°C | 93.20°F 
Humidity = 91.00% 

NH3: 260
CO2: 34
CO: 62
H2S: 274
Soil: 2%
Temp = 34.00°C | 93.20°F 
Humidity = 91.00% 

NH3: 262
CO2: 34
CO: 62
H2S: 272
Soil: 2%
Temp = 34.00°C | 93.20°F 
Humidity = 91.00% 



H3: 259CO2: 34
CO: 61
H2S: 269
Soil: 2%
Temp = 34.00°C | 93.20°F 
Humidity = 91.00% 

NH3: 256
CO2: 34
CO: 61
H2S: 266
Soil: 2%
Temp = 34.00°C | 93.20°F 
Humidity = 91.00% 

NH3: 253
CO2: 34
CO: 61
H2S: 269
Soil: 2%
Temp = 34.00°C | 93.20°F 
Humidity = 90.00% 

NH3: 257
CO2: 34
CO: 64
H2S: 280
Soil: 2%
Temp = 34.00°C | 93.20°F 
Humidity = 91.00% 

NH3: 264
CO2: 34
CO: 63
H2S: 284
Soil: 2%
Temp = 34.00°C | 93.20°F 
Humidity = 91.00% 

NH3: 269
CO2: 35
CO: 65
H2S: 290
Soil: 2%
Temp = 34.00°C | 93.20°F 
Humidity = 91.00% 

NH3: 273
CO2: 34
CO: 65
H2S: 291
Soil: 2%
Temp = 34.00°C | 93.20°F 
Humidity = 92.00% 

NH3: 276
CO2: 35
CO: 64
H2S: 291
Soil: 2%
Temp = 34.00°C | 93.20°F 
Humidity = 92.00% 

NH3: 279
CO2: 35
CO: 65
H2S: 295
Soil: 2%
Temp = 34.00°C | 93.20°F 
Humidity = 92.00% 

NH3: 281
CO2: 34
CO: 65
H2S: 292
Soil: 2%
Temp = 34.00°C | 93.20°F 
Humidity = 93.00% 

NH3: 280
CO2: 34
CO: 63
H2S: 288
Soil: 2%
Temp = 34.00°C | 93.20°F 
Humidity = 92.00% 

NH3: 276
CO2: 35
CO: 62
H2S: 290
Soil: 2%
Temp = 34.00°C | 93.20°F 
Humidity = 92.00% 

NH3: 272
CO2: 35
CO: 63
H2S: 288
Soil: 2%
Temp = 34.00°C | 93.20°F 
Humidity = 92.00% 

NH3: 269
CO2: 35
CO: 62
H2S: 289
Soil: 2%
Temp = 34.00°C | 93.20°F 
Humidity = 92.00% 

NH3: 268
CO2: 35
CO: 62
H2S: 290
Soil: 2%
Temp = 34.00°C | 93.20°F 
Humidity = 92.00% 

NH3: 267
CO2: 34
CO: 62
H2S: 288
Soil: 2%
Temp = 34.00°C | 93.20°F 
Humidity = 92.00% 

NH3: 265
CO2: 35
CO: 61
H2S: 281
Soil: 2%
Temp = 34.00°C | 93.20°F 
Humidity = 91.00% 

NH3: 262
CO2: 34
CO: 60
H2S: 276
Soil: 2%
Temp = 34.00°C | 93.20°F 
Humidity = 91.00% 

NH3: 261
CO2: 34
CO: 60
H2S: 270
Soil: 2%
Temp = 34.00°C | 93.20°F 
Humidity = 90.00% 

NH3: 258
CO2: 34
CO: 60
H2S: 269
Soil: 2%
Temp = 34.00°C | 93.20°F 
Humidity = 90.00% 

8
8
: 25CO2: 35
CO: 59
H2S: 271
Soil: 2%
Temp = 34.00°C | 93.20°F 
Humidity = 90.00% 

NH3: 260
CO2: 35
CO: 60
H2S: 273
Soil: 2%
Temp = 34.00°C | 93.20°F 
Humidity = 90.00% 

NH3: 266
CO2: 35
CO: 61
H2S: 274
Soil: 2%
Temp = 34.00°C | 93.20°F 
Humidity = 90.00% 

NH3: 269
CO2: 34
CO: 62
H2S: 278
Soil: 2%
Temp = 34.00°C | 93.20°F 
Humidity = 90.00% 

NH3: 270
CO2: 34
CO: 62
H2S: 279
Soil: 2%
Temp = 34.00°C | 93.20°F 
Humidity = 90.00% 

NH3: 269
CO2: 34
CO: 62
H2S: 279
Soil: 2%
Temp = 34.00°C | 93.20°F 
Humidity = 90.00% 

NH3: 266
CO2: 35
CO: 61
H2S: 278
Soil: 2%
Temp = 34.00°C | 93.20°F 
Humidity = 89.00% 

NH3: 270
CO2: 34
CO: 62
H2S: 280
Soil: 2%
Temp = 34.00°C | 93.20°F 
Humidity = 90.00% 

NH3: 273
CO2: 35
CO: 62
H2S: 281
Soil: 2%
Temp = 34.00°C | 93.20°F 
Humidity = 90.00% 

NH3: 275
CO2: 34
CO: 62
H2S: 282
Soil: 2%
Temp = 34.00°C | 93.20°F 
Humidity = 90.00% 

NH3: 277
CO2: 35
CO: 63
H2S: 284
Soil: 2%
Temp = 34.00°C | 93.20°F 
Humidity = 90.00% 

NH3: 277
CO2: 35
CO: 64
H2S: 291
Soil: 2%
Temp = 34.00°C | 93.20°F 
Humidity = 90.00% 

NH3: 280
CO2: 34
CO: 64
H2S: 291
Soil: 2%
Temp = 34.00°C | 93.20°F 
Humidity = 90.00% 

NH3: 282
CO2: 34
CO: 64
H2S: 291
Soil: 2%
Temp = 34.00°C | 93.20°F 
Humidity = 90.00% 

NH3: 287
CO2: 34
CO: 66
H2S: 302
Soil: 2%
Temp = 34.00°C | 93.20°F 
Humidity = 91.00% 

NH3: 292
CO2: 34
CO: 68
H2S: 313
Soil: 2%
Temp = 34.00°C | 93.20°F 
Humidity = 91.00% 

NH3: 298
CO2: 34
CO: 67
H2S: 317
Soil: 2%
Temp = 34.00°C | 93.20°F 
Humidity = 92.00% 

NH3: 299
CO2: 35
CO: 67
H2S: 315
Soil: 2%
Temp = 34.00°C | 93.20°F 
Humidity = 93.00% 

NH3: 300
CO2: 35
CO: 68
H2S: 317
Soil: 2%
Temp = 34.00°C | 93.20°F 
Humidity = 93.00% 

NH3: 301
CO2: 34
CO: 67
H2S: 318
Soil: 2%
Temp = 34.00°C | 93.20°F 
Humidity = 93.00% 

NH3: 301
CO2: 35
CO: 68
H2S: 318
Soil: 2%
Temp = 34.00°C | 93.20°F 
Humidity = 94.00% 

NH3: 300
CO2: 34
CO: 68
H2S: 321
Soil: 2%
Temp = 34.00°C | 93.20°F 
Humidity = 94.00% 

NH3: 302
CO2: 35
CO: 68
H2S: 321
Soil: 2%
Temp = 34.00°C | 93.20°F 
Humidity = 94.00% 

NH3: 302
CO2: 34
CO: 67
H2S: 320
Soil: 2%
Temp = 34.00°C | 93.20°F 
Humidity = 94.00% 

NH3: 302
CO2: 35
CO: 65
H2S: 318
Soil: 2%
Temp = 34.00°C | 93.20°F 
Humidity = 94.00% 

300
300
CO2: 34
CO: 66
H2S: 315
Soil: 2%
Temp = 34.00°C | 93.20°F 
Humidity = 94.00% 

NH3: 297
CO2: 34
CO: 66
H2S: 315
Soil: 2%
Temp = 34.00°C | 93.20°F 
Humidity = 94.00% 

NH3: 296
CO2: 34
CO: 66
H2S: 315
Soil: 2%
Temp = 34.00°C | 93.20°F 
Humidity = 94.00% 

NH3: 294
CO2: 35
CO: 65
H2S: 314
Soil: 2%
Temp = 34.00°C | 93.20°F 
Humidity = 93.00% 

NH3: 292
CO2: 34
CO: 65
H2S: 311
Soil: 2%
Temp = 34.00°C | 93.20°F 
Humidity = 93.00% 

NH3: 292
CO2: 34
CO: 65
H2S: 310
Soil: 2%
Temp = 34.00°C | 93.20°F 
Humidity = 92.00% 

NH3: 291
CO2: 34
CO: 64
H2S: 310
Soil: 2%
Temp = 34.00°C | 93.20°F 
Humidity = 92.00% 

NH3: 290
CO2: 34
CO: 64
H2S: 308
Soil: 2%
Temp = 34.00°C | 93.20°F 
Humidity = 92.00% 

NH3: 287
CO2: 34
CO: 64
H2S: 307
Soil: 2%
Temp = 34.00°C | 93.20°F 
Humidity = 92.00% 

NH3: 289
CO2: 34
CO: 65
H2S: 311
Soil: 2%
Temp = 34.00°C | 93.20°F 
Humidity = 92.00% 

NH3: 290
CO2: 34
CO: 67
H2S: 316
Soil: 2%
Temp = 34.00°C | 93.20°F 
Humidity = 92.00% 

NH3: 290
CO2: 34
CO: 67
H2S: 316
Soil: 2%
Temp = 34.00°C | 93.20°F 
Humidity = 92.00% 

NH3: 293
CO2: 35
CO: 66
H2S: 313
Soil: 2%
Temp = 34.00°C | 93.20°F 
Humidity = 92.00% 

NH3: 291
CO2: 34
CO: 65
H2S: 306
Soil: 2%
Temp = 34.00°C | 93.20°F 
Humidity = 92.00% 

NH3: 289
CO2: 35
CO: 64
H2S: 303
Soil: 2%
Temp = 34.00°C | 93.20°F 
Humidity = 91.00% 

NH3: 287
CO2: 34
CO: 65
H2S: 305
Soil: 2%
Temp = 34.00°C | 93.20°F 
Humidity = 91.00% 



H3: 286CO2: 34
CO: 66
H2S: 308
Soil: 2%
Temp = 34.00°C | 93.20°F 
Humidity = 91.00% 

NH3: 288
CO2: 35
CO: 66
H2S: 308
Soil: 2%
Temp = 34.00°C | 93.20°F 
Humidity = 92.00% 

NH3: 291
CO2: 34
CO: 66
H2S: 308
Soil: 2%
Temp = 34.00°C | 93.20°F 
Humidity = 91.00% 

NH3: 291
CO2: 34
CO: 66
H2S: 307
Soil: 2%
Temp = 34.00°C | 93.20°F 
Humidity = 92.00% 

NH3: 289
CO2: 35
CO: 64
H2S: 305
Soil: 2%
Temp = 34.00°C | 93.20°F 
Humidity = 91.00% 

NH3: 285
CO2: 35
CO: 65
H2S: 302
Soil: 2%
Temp = 34.00°C | 93.20°F 
Humidity = 91.00% 

NH3: 283
CO2: 34
CO: 64
H2S: 299
Soil: 2%
Temp = 34.00°C | 93.20°F 
Humidity = 91.00% 

NH3: 281
CO2: 35
CO: 64
H2S: 298
Soil: 2%
Temp = 34.00°C | 93.20°F 
Humidity = 90.00% 

NH3: 280
CO2: 34
CO: 63
H2S: 296
Soil: 2%
Temp = 34.00°C | 93.20°F 
Humidity = 90.00% 

NH3: 278
CO2: 34
CO: 63
H2S: 293
Soil: 2%
Temp = 34.00°C | 93.20°F 
Humidity = 90.00% 

NH3: 275
CO2: 34
CO: 62
H2S: 289
Soil: 2%
Temp = 34.00°C | 93.20°F 
Humidity = 90.00% 

NH3: 272
CO2: 34
CO: 62
H2S: 284
Soil: 2%
Temp = 34.00°C | 93.20°F 
Humidity = 89.00% 

NH3: 268
CO2: 34
CO: 62
H2S: 281
Soil: 2%
Temp = 34.00°C | 93.20°F 
Humidity = 89.00% 

NH3: 267
CO2: 34
CO: 62
H2S: 281
Soil: 2%
Temp = 34.00°C | 93.20°F 
Humidity = 89.00% 

NH3: 268
CO2: 35
CO: 63
H2S: 284
Soil: 2%
Temp = 34.00°C | 93.20°F 
Humidity = 89.00% 

NH3: 270
CO2: 34
CO: 62
H2S: 283
Soil: 2%
Temp = 34.00°C | 93.20°F 
Humidity = 89.00% 

NH3: 270
CO2: 35
CO: 62
H2S: 282
Soil: 2%
Temp = 34.00°C | 93.20°F 
Humidity = 89.00% 

NH3: 269
CO2: 34
CO: 62
H2S: 279
Soil: 2%
Temp = 34.00°C | 93.20°F 
Humidity = 89.00% 

NH3: 267
CO2: 34
CO: 61
H2S: 278
Soil: 2%
Temp = 34.00°C | 93.20°F 
Humidity = 89.00% 

NH3: 266
CO2: 34
CO: 62
H2S: 277
Soil: 2%
Temp = 34.00°C | 93.20°F 
Humidity = 89.00% 

NH3: 266
CO2: 35
CO: 62
H2S: 279
Soil: 2%
Temp = 34.00°C | 93.20°F 
Humidity = 88.00% 

NH3: 266
CO2: 35
CO: 63
H2S: 282
Soil: 2%
Temp = 34.00°C | 93.20°F 
Humidity = 89.00% 

NH3: 267
CO2: 34
CO: 63
H2S: 282
Soil: 2%
Temp = 34.00°C | 93.20°F 
Humidity = 89.00% 

NH3: 269
CO2: 35
CO: 63
H2S: 285
Soil: 2%
Temp = 34.00°C | 93.20°F 
Humidity = 89.00% 

NH3: 271
CO2: 34
CO: 63
H2S: 284
Soil: 2%
Temp = 34.00°C | 93.20°F 
Humidity = 89.00% 

NH3: 270
CO2: 34
CO: 62
H2S: 282
Soil: 2%
Temp = 34.00°C | 93.20°F 
Humidity = 89.00% 

NH3: 268
CO2: 34
CO: 62
H2S: 283
Soil: 2%
Temp = 34.00°C | 93.20°F 
Humidity = 89.00% 

NH3: 267
CO2: 35
CO: 62
H2S: 281
Soil: 2%
Temp = 34.00°C | 93.20°F 
Humidity = 89.00% 

NH3: 265
CO2: 35
CO: 61
H2S: 277
Soil: 2%
Temp = 34.00°C | 93.20°F 
Humidity = 88.00% 

NH3: 263
CO2: 34
CO: 61
H2S: 274
Soil: 2%
Temp = 34.00°C | 93.20°F 
Humidity = 88.00% 

NH3: 260
CO2: 35
CO: 61
H2S: 272
Soil: 2%
Temp = 34.00°C | 93.20°F 
Humidity = 88.00% 

NH3: 261
CO2: 35
CO: 61
H2S: 270
Soil: 2%
Temp = 34.00°C | 93.20°F 
Humidity = 88.00% 

NH3: 260
CO2: 34
CO: 61
H2S: 270
Soil: 2%
Temp = 34.00°C | 93.20°F 
Humidity = 88.00% 

NH3: 259
CO2: 35
CO: 61
H2S: 271
Soil: 2%
Temp = 34.00°C | 93.20°F 
Humidity = 88.00% 

NH3: 258
CO2: 35
CO: 61
H2S: 270
Soil: 2%
Temp = 34.00°C | 93.20°F 
Humidity = 88.00% 

NH3: 258
CO2: 34
CO: 62
H2S: 273
Soil: 2%
Temp = 34.00°C | 93.20°F 
Humidity = 88.00% 

NH3: 261
CO2: 34
CO: 62
H2S: 273
Soil: 2%
Temp = 34.00°C | 93.20°F 
Humidity = 88.00% 

NH3: 261
CO2: 35
CO: 62
H2S: 271
Soil: 2%
Temp = 34.00°C | 93.20°F 
Humidity = 88.00% 

NH3: 260
CO2: 34
CO: 61
H2S: 270
Soil: 2%
Temp = 34.00°C | 93.20°F 
Humidity = 88.00% 

NH3: 258
CO2: 34
CO: 61
H2S: 267
Soil: 2%
Temp = 34.00°C | 93.20°F 
Humidity = 88.00% 

NH3: 257
CO2: 35
CO: 60
H2S: 265
Soil: 2%
Temp = 34.00°C | 93.20°F 
Humidity = 88.00% 

NH3: 256
CO2: 34
CO: 60
H2S: 263
Soil: 2%
Temp = 34.00°C | 93.20°F 
Humidity = 88.00% 

NH3: 255
CO2: 34
CO: 60
H2S: 261
Soil: 2%
Temp = 34.00°C | 93.20°F 
Humidity = 88.00% 

NH3: 252
CO2: 34
CO: 60
H2S: 260
Soil: 2%
Temp = 34.00°C | 93.20°F 
Humidity = 88.00% 

NH3: 249
CO2: 34
CO: 60
H2S: 259
Soil: 2%
Temp = 34.00°C | 93.20°F 
Humidity = 87.00% 

NH3: 248
CO2: 35
CO: 59
H2S: 256
Soil: 2%
Temp = 34.00°C | 93.20°F 
Humidity = 87.00% 

NH3: 247
CO2: 34
CO: 59
H2S: 255
Soil: 2%
Temp = 34.00°C | 93.20°F 
Humidity = 87.00% 

NH3: 246
CO2: 34
CO: 59
H2S: 252
Soil: 2%
Temp = 34.00°C | 93.20°F 
Humidity = 87.00% 

NH3: 243
CO2: 34
CO: 58
H2S: 250
Soil: 2%
Temp = 34.00°C | 93.20°F 
Humidity = 87.00% 

NH3: 242
CO2: 34
CO: 58
H2S: 248
Soil: 2%
Temp = 34.00°C | 93.20°F 
Humidity = 87.00% 

NH3: 241
CO2: 35
CO: 58
H2S: 247
Soil: 2%
Temp = 34.00°C | 93.20°F 
Humidity = 87.00% 

NH3: 241
CO2: 35
CO: 59
H2S: 249
Soil: 2%
Temp = 34.00°C | 93.20°F 
Humidity = 87.00% 

NH3: 244
CO2: 35
CO: 59
H2S: 253
Soil: 2%
Temp = 34.00°C | 93.20°F 
Humidity = 87.00% 

NH3: 244
CO2: 34
CO: 60
H2S: 256
Soil: 2%
Temp = 34.00°C | 93.20°F 
Humidity = 88.00% 

NH3: 245
CO2: 34
CO: 59
H2S: 253
Soil: 2%
Temp = 34.00°C | 93.20°F 
Humidity = 87.00% 

NH3: 243
CO2: 35
CO: 59
H2S: 254
Soil: 2%
Temp = 34.00°C | 93.20°F 
Humidity = 87.00% 

NH3: 244
CO2: 35
CO: 60
H2S: 260
Soil: 2%
Temp = 34.00°C | 93.20°F 
Humidity = 88.00% 

NH3: 247
CO2: 34
CO: 60
H2S: 261
Soil: 2%
Temp = 34.00°C | 93.20°F 
Humidity = 88.00% 

NH3: 248
CO2: 34
CO: 61
H2S: 259
Soil: 2%
Temp = 34.00°C | 93.20°F 
Humidity = 88.00% 

NH3: 250
CO2: 35
CO: 61
H2S: 259
Soil: 2%
Temp = 34.00°C | 93.20°F 
Humidity = 88.00% 

NH3: 250
CO2: 35
CO: 59
H2S: 254
Soil: 2%
Temp = 34.00°C | 93.20°F 
Humidity = 88.00% 

NH3: 250
CO2: 35
CO: 60
H2S: 254
Soil: 2%
Temp = 34.00°C | 93.20°F 
Humidity = 88.00% 

NH3: 252
CO2: 34
CO: 60
H2S: 256
Soil: 2%
Temp = 34.00°C | 93.20°F 
Humidity = 88.00% 

NH3: 252
CO2: 34
CO: 60
H2S: 257
Soil: 2%
Temp = 34.00°C | 93.20°F 
Humidity = 88.00% 

NH3: 252
CO2: 34
CO: 60
H2S: 254
Soil: 2%
Temp = 34.00°C | 93.20°F 
Humidity = 88.00% 

NH3: 250
CO2: 35
CO: 60
H2S: 253
Soil: 2%
Temp = 34.00°C | 93.20°F 
Humidity = 88.00% 

NH3: 250
CO2: 34
CO: 59
H2S: 253
Soil: 2%
Temp = 34.00°C | 93.20°F 
Humidity = 88.00% 

NH3: 252
CO2: 35
CO: 60
H2S: 256
Soil: 2%
Temp = 34.00°C | 93.20°F 
Humidity = 88.00% 

NH3: 257
CO2: 35
CO: 61
H2S: 262
Soil: 2%
Temp = 34.00°C | 93.20°F 
Humidity = 88.00% 

NH3: 259
CO2: 34
CO: 61

-----------------------------------------------
Date: 25-01-2024 - 14:54:46
End log file
